Started GET "/" for 127.0.0.1 at 2017-02-09 13:55:39 -0800
Processing by Rails::WelcomeController#index as HTML
  Parameters: {"internal"=>true}
  Rendering /Users/edfd3212/.rvm/gems/ruby-2.4.0@global/gems/railties-5.0.1/lib/rails/templates/rails/welcome/index.html.erb
  Rendered /Users/edfd3212/.rvm/gems/ruby-2.4.0@global/gems/railties-5.0.1/lib/rails/templates/rails/welcome/index.html.erb (4.6ms)
Completed 200 OK in 27ms (Views: 12.5ms | ActiveRecord: 0.0ms)


  [1m[35m (1.3ms)[0m  [1m[35mCREATE TABLE "schema_migrations" ("version" varchar NOT NULL PRIMARY KEY)[0m
  [1m[35m (1.3ms)[0m  [1m[35mCREATE TABLE "ar_internal_metadata" ("key" varchar NOT NULL PRIMARY KEY, "value" varchar, "created_at" datetime NOT NULL, "updated_at" datetime NOT NULL)[0m
  [1m[36mActiveRecord::SchemaMigration Load (0.2ms)[0m  [1m[34mSELECT "schema_migrations".* FROM "schema_migrations"[0m
Migrating to DeviseCreateUsers (20170209215845)
  [1m[35m (0.1ms)[0m  [1m[36mbegin transaction[0m
  [1m[35m (0.4ms)[0m  [1m[35mCREATE TABLE "users" ("id" INTEGER PRIMARY KEY AUTOINCREMENT NOT NULL, "email" varchar DEFAULT '' NOT NULL, "encrypted_password" varchar DEFAULT '' NOT NULL, "reset_password_token" varchar, "reset_password_sent_at" datetime, "remember_created_at" datetime, "sign_in_count" integer DEFAULT 0 NOT NULL, "current_sign_in_at" datetime, "last_sign_in_at" datetime, "current_sign_in_ip" varchar, "last_sign_in_ip" varchar, "created_at" datetime NOT NULL, "updated_at" datetime NOT NULL)[0m
  [1m[35m (0.5ms)[0m  [1m[34mselect sqlite_version(*)[0m
  [1m[35m (0.8ms)[0m  [1m[35mCREATE UNIQUE INDEX "index_users_on_email" ON "users" ("email")[0m
  [1m[35m (0.1ms)[0m  [1m[34m            SELECT sql
            FROM sqlite_master
            WHERE name='index_users_on_email' AND type='index'
            UNION ALL
            SELECT sql
            FROM sqlite_temp_master
            WHERE name='index_users_on_email' AND type='index'
[0m
  [1m[35m (0.1ms)[0m  [1m[35mCREATE UNIQUE INDEX "index_users_on_reset_password_token" ON "users" ("reset_password_token")[0m
  [1m[35mSQL (0.2ms)[0m  [1m[32mINSERT INTO "schema_migrations" ("version") VALUES (?)[0m  [["version", "20170209215845"]]
  [1m[35m (1.1ms)[0m  [1m[36mcommit transaction[0m
  [1m[36mActiveRecord::InternalMetadata Load (0.2ms)[0m  [1m[34mSELECT  "ar_internal_metadata".* FROM "ar_internal_metadata" WHERE "ar_internal_metadata"."key" = ? LIMIT ?[0m  [["key", :environment], ["LIMIT", 1]]
  [1m[35m (0.1ms)[0m  [1m[36mbegin transaction[0m
  [1m[35mSQL (0.3ms)[0m  [1m[32mINSERT INTO "ar_internal_metadata" ("key", "value", "created_at", "updated_at") VALUES (?, ?, ?, ?)[0m  [["key", "environment"], ["value", "development"], ["created_at", 2017-02-09 22:00:41 UTC], ["updated_at", 2017-02-09 22:00:41 UTC]]
  [1m[35m (1.0ms)[0m  [1m[36mcommit transaction[0m
  [1m[36mActiveRecord::SchemaMigration Load (0.1ms)[0m  [1m[34mSELECT "schema_migrations".* FROM "schema_migrations"[0m
  [1m[35m (0.1ms)[0m  [1m[34m            SELECT sql
            FROM sqlite_master
            WHERE name='index_users_on_reset_password_token' AND type='index'
            UNION ALL
            SELECT sql
            FROM sqlite_temp_master
            WHERE name='index_users_on_reset_password_token' AND type='index'
[0m
  [1m[35m (0.1ms)[0m  [1m[34m            SELECT sql
            FROM sqlite_master
            WHERE name='index_users_on_email' AND type='index'
            UNION ALL
            SELECT sql
            FROM sqlite_temp_master
            WHERE name='index_users_on_email' AND type='index'
[0m
Started GET "/users.sign_in" for 127.0.0.1 at 2017-02-09 14:01:13 -0800
  [1m[36mActiveRecord::SchemaMigration Load (0.7ms)[0m  [1m[34mSELECT "schema_migrations".* FROM "schema_migrations"[0m
  
ActionController::RoutingError (No route matches [GET] "/users.sign_in"):
  
actionpack (5.0.1) lib/action_dispatch/middleware/debug_exceptions.rb:53:in `call'
web-console (3.4.0) lib/web_console/middleware.rb:135:in `call_app'
web-console (3.4.0) lib/web_console/middleware.rb:28:in `block in call'
web-console (3.4.0) lib/web_console/middleware.rb:18:in `catch'
web-console (3.4.0) lib/web_console/middleware.rb:18:in `call'
actionpack (5.0.1) lib/action_dispatch/middleware/show_exceptions.rb:31:in `call'
railties (5.0.1) lib/rails/rack/logger.rb:36:in `call_app'
railties (5.0.1) lib/rails/rack/logger.rb:24:in `block in call'
activesupport (5.0.1) lib/active_support/tagged_logging.rb:69:in `block in tagged'
activesupport (5.0.1) lib/active_support/tagged_logging.rb:26:in `tagged'
activesupport (5.0.1) lib/active_support/tagged_logging.rb:69:in `tagged'
railties (5.0.1) lib/rails/rack/logger.rb:24:in `call'
sprockets-rails (3.2.0) lib/sprockets/rails/quiet_assets.rb:13:in `call'
actionpack (5.0.1) lib/action_dispatch/middleware/request_id.rb:24:in `call'
rack (2.0.1) lib/rack/method_override.rb:22:in `call'
rack (2.0.1) lib/rack/runtime.rb:22:in `call'
activesupport (5.0.1) lib/active_support/cache/strategy/local_cache_middleware.rb:28:in `call'
actionpack (5.0.1) lib/action_dispatch/middleware/executor.rb:12:in `call'
actionpack (5.0.1) lib/action_dispatch/middleware/static.rb:136:in `call'
rack (2.0.1) lib/rack/sendfile.rb:111:in `call'
railties (5.0.1) lib/rails/engine.rb:522:in `call'
puma (3.7.0) lib/puma/configuration.rb:226:in `call'
puma (3.7.0) lib/puma/server.rb:578:in `handle_request'
puma (3.7.0) lib/puma/server.rb:415:in `process_client'
puma (3.7.0) lib/puma/server.rb:275:in `block in run'
puma (3.7.0) lib/puma/thread_pool.rb:120:in `block in spawn_thread'
  Rendering /Users/edfd3212/.rvm/gems/ruby-2.4.0@global/gems/actionpack-5.0.1/lib/action_dispatch/middleware/templates/rescues/routing_error.html.erb within rescues/layout
  Rendering /Users/edfd3212/.rvm/gems/ruby-2.4.0@global/gems/actionpack-5.0.1/lib/action_dispatch/middleware/templates/rescues/_trace.html.erb
  Rendered /Users/edfd3212/.rvm/gems/ruby-2.4.0@global/gems/actionpack-5.0.1/lib/action_dispatch/middleware/templates/rescues/_trace.html.erb (2.0ms)
  Rendered collection of /Users/edfd3212/.rvm/gems/ruby-2.4.0@global/gems/actionpack-5.0.1/lib/action_dispatch/middleware/templates/routes/_route.html.erb [15 times] (22.3ms)
  Rendered /Users/edfd3212/.rvm/gems/ruby-2.4.0@global/gems/actionpack-5.0.1/lib/action_dispatch/middleware/templates/routes/_table.html.erb (16.9ms)
  Rendering /Users/edfd3212/.rvm/gems/ruby-2.4.0@global/gems/actionpack-5.0.1/lib/action_dispatch/middleware/templates/rescues/_request_and_response.html.erb
  Rendered /Users/edfd3212/.rvm/gems/ruby-2.4.0@global/gems/actionpack-5.0.1/lib/action_dispatch/middleware/templates/rescues/_request_and_response.html.erb (12.1ms)
  Rendered /Users/edfd3212/.rvm/gems/ruby-2.4.0@global/gems/actionpack-5.0.1/lib/action_dispatch/middleware/templates/rescues/routing_error.html.erb within rescues/layout (162.5ms)
Started GET "/users/sign_in" for 127.0.0.1 at 2017-02-09 14:01:23 -0800
Processing by Devise::SessionsController#new as HTML
  Rendering /Users/edfd3212/.rvm/gems/ruby-2.4.0/gems/devise-4.2.0/app/views/devise/sessions/new.html.erb within layouts/application
  Rendered /Users/edfd3212/.rvm/gems/ruby-2.4.0/gems/devise-4.2.0/app/views/devise/shared/_links.html.erb (1.7ms)
  Rendered /Users/edfd3212/.rvm/gems/ruby-2.4.0/gems/devise-4.2.0/app/views/devise/sessions/new.html.erb within layouts/application (27.9ms)
Completed 200 OK in 549ms (Views: 533.3ms | ActiveRecord: 0.8ms)


Started GET "/users/password/new" for 127.0.0.1 at 2017-02-09 14:01:37 -0800
Processing by Devise::PasswordsController#new as HTML
  Rendering /Users/edfd3212/.rvm/gems/ruby-2.4.0/gems/devise-4.2.0/app/views/devise/passwords/new.html.erb within layouts/application
  Rendered /Users/edfd3212/.rvm/gems/ruby-2.4.0/gems/devise-4.2.0/app/views/devise/shared/_links.html.erb (3.7ms)
  Rendered /Users/edfd3212/.rvm/gems/ruby-2.4.0/gems/devise-4.2.0/app/views/devise/passwords/new.html.erb within layouts/application (19.2ms)
Completed 200 OK in 106ms (Views: 98.3ms | ActiveRecord: 0.0ms)


Started GET "/" for 127.0.0.1 at 2017-02-09 14:12:03 -0800
  [1m[36mActiveRecord::SchemaMigration Load (0.6ms)[0m  [1m[34mSELECT "schema_migrations".* FROM "schema_migrations"[0m
Processing by Rails::WelcomeController#index as HTML
  Parameters: {"internal"=>true}
  Rendering /Users/edfd3212/.rvm/gems/ruby-2.4.0@global/gems/railties-5.0.1/lib/rails/templates/rails/welcome/index.html.erb
  Rendered /Users/edfd3212/.rvm/gems/ruby-2.4.0@global/gems/railties-5.0.1/lib/rails/templates/rails/welcome/index.html.erb (5.5ms)
Completed 200 OK in 30ms (Views: 15.0ms | ActiveRecord: 0.0ms)


  [1m[36mActiveRecord::SchemaMigration Load (0.5ms)[0m  [1m[34mSELECT "schema_migrations".* FROM "schema_migrations"[0m
Migrating to CreatePosts (20170209221242)
  [1m[35m (0.1ms)[0m  [1m[36mbegin transaction[0m
  [1m[35m (0.4ms)[0m  [1m[35mCREATE TABLE "posts" ("id" INTEGER PRIMARY KEY AUTOINCREMENT NOT NULL, "description" text, "created_at" datetime NOT NULL, "updated_at" datetime NOT NULL)[0m
  [1m[35mSQL (0.2ms)[0m  [1m[32mINSERT INTO "schema_migrations" ("version") VALUES (?)[0m  [["version", "20170209221242"]]
  [1m[35m (1.3ms)[0m  [1m[36mcommit transaction[0m
  [1m[36mActiveRecord::InternalMetadata Load (0.2ms)[0m  [1m[34mSELECT  "ar_internal_metadata".* FROM "ar_internal_metadata" WHERE "ar_internal_metadata"."key" = ? LIMIT ?[0m  [["key", :environment], ["LIMIT", 1]]
  [1m[35m (0.1ms)[0m  [1m[36mbegin transaction[0m
  [1m[35m (0.1ms)[0m  [1m[36mcommit transaction[0m
  [1m[36mActiveRecord::SchemaMigration Load (0.1ms)[0m  [1m[34mSELECT "schema_migrations".* FROM "schema_migrations"[0m
  [1m[35m (0.1ms)[0m  [1m[34m            SELECT sql
            FROM sqlite_master
            WHERE name='index_users_on_reset_password_token' AND type='index'
            UNION ALL
            SELECT sql
            FROM sqlite_temp_master
            WHERE name='index_users_on_reset_password_token' AND type='index'
[0m
  [1m[35m (0.1ms)[0m  [1m[34m            SELECT sql
            FROM sqlite_master
            WHERE name='index_users_on_email' AND type='index'
            UNION ALL
            SELECT sql
            FROM sqlite_temp_master
            WHERE name='index_users_on_email' AND type='index'
[0m
Started GET "/" for 127.0.0.1 at 2017-02-09 14:16:07 -0800
  [1m[36mActiveRecord::SchemaMigration Load (0.6ms)[0m  [1m[34mSELECT "schema_migrations".* FROM "schema_migrations"[0m
Processing by PostsController#index as HTML
  Rendering posts/index.html.erb within layouts/application
  Rendered posts/index.html.erb within layouts/application (1.9ms)
Completed 200 OK in 27ms (Views: 13.9ms | ActiveRecord: 0.0ms)


Started GET "/" for 127.0.0.1 at 2017-02-09 14:18:11 -0800
Processing by PostsController#index as HTML
  Rendering posts/index.html.erb within layouts/application
  Rendered posts/index.html.erb within layouts/application (0.6ms)
Completed 200 OK in 20ms (Views: 16.4ms | ActiveRecord: 0.0ms)


Started GET "/" for 127.0.0.1 at 2017-02-09 14:18:20 -0800
Processing by PostsController#index as HTML
  Rendering posts/index.html.erb within layouts/application
  Rendered posts/index.html.erb within layouts/application (0.5ms)
Completed 200 OK in 11ms (Views: 8.3ms | ActiveRecord: 0.0ms)


Started GET "/" for 127.0.0.1 at 2017-02-09 14:19:06 -0800
  [1m[36mActiveRecord::SchemaMigration Load (0.5ms)[0m  [1m[34mSELECT "schema_migrations".* FROM "schema_migrations"[0m
Processing by PostsController#index as HTML
  Rendering posts/index.html.erb within layouts/application
  Rendered posts/index.html.erb within layouts/application (1.7ms)
Completed 200 OK in 34ms (Views: 16.8ms | ActiveRecord: 0.0ms)


Started GET "/" for 127.0.0.1 at 2017-02-09 14:22:20 -0800
  [1m[36mActiveRecord::SchemaMigration Load (0.6ms)[0m  [1m[34mSELECT "schema_migrations".* FROM "schema_migrations"[0m
Processing by PostsController#index as HTML
  Rendering posts/index.html.erb within layouts/application
  Rendered posts/index.html.erb within layouts/application (2.2ms)
Completed 200 OK in 36ms (Views: 20.3ms | ActiveRecord: 0.0ms)


Started GET "/" for 127.0.0.1 at 2017-02-09 14:23:13 -0800
Processing by PostsController#index as HTML
  Rendering posts/index.html.erb within layouts/application
  Rendered posts/index.html.erb within layouts/application (2.7ms)
Completed 200 OK in 34ms (Views: 22.5ms | ActiveRecord: 0.0ms)


Started GET "/" for 127.0.0.1 at 2017-02-09 14:26:50 -0800
Processing by PostsController#index as HTML
  Rendering posts/index.html.erb within layouts/application
  Rendered posts/index.html.erb within layouts/application (3.7ms)
Completed 200 OK in 33ms (Views: 23.6ms | ActiveRecord: 0.0ms)


Started GET "/" for 127.0.0.1 at 2017-02-09 14:31:59 -0800
Processing by PostsController#index as HTML
  Rendering posts/index.html.erb within layouts/application
  Rendered posts/index.html.erb within layouts/application (4.3ms)
Completed 200 OK in 4844ms (Views: 4833.4ms | ActiveRecord: 0.0ms)


Started GET "/users/sign_in" for 127.0.0.1 at 2017-02-09 14:32:13 -0800
Processing by Devise::SessionsController#new as HTML
  Rendering /Users/edfd3212/.rvm/gems/ruby-2.4.0/gems/devise-4.2.0/app/views/devise/sessions/new.html.erb within layouts/application
  Rendered /Users/edfd3212/.rvm/gems/ruby-2.4.0/gems/devise-4.2.0/app/views/devise/shared/_links.html.erb (1.9ms)
  Rendered /Users/edfd3212/.rvm/gems/ruby-2.4.0/gems/devise-4.2.0/app/views/devise/sessions/new.html.erb within layouts/application (45.5ms)
Completed 200 OK in 161ms (Views: 128.6ms | ActiveRecord: 2.3ms)


Started GET "/posts/new" for 127.0.0.1 at 2017-02-09 14:32:14 -0800
Processing by PostsController#new as HTML
  Rendering posts/new.html.erb within layouts/application
  Rendered posts/new.html.erb within layouts/application (0.7ms)
Completed 200 OK in 136ms (Views: 132.9ms | ActiveRecord: 0.0ms)


Started GET "/users/sign_up" for 127.0.0.1 at 2017-02-09 14:32:15 -0800
Processing by Devise::RegistrationsController#new as HTML
  Rendering /Users/edfd3212/.rvm/gems/ruby-2.4.0/gems/devise-4.2.0/app/views/devise/registrations/new.html.erb within layouts/application
  Rendered /Users/edfd3212/.rvm/gems/ruby-2.4.0/gems/devise-4.2.0/app/views/devise/shared/_links.html.erb (2.0ms)
  Rendered /Users/edfd3212/.rvm/gems/ruby-2.4.0/gems/devise-4.2.0/app/views/devise/registrations/new.html.erb within layouts/application (20.7ms)
Completed 200 OK in 131ms (Views: 129.7ms | ActiveRecord: 0.0ms)


Started GET "/users/sign_in" for 127.0.0.1 at 2017-02-09 14:32:16 -0800
Processing by Devise::SessionsController#new as HTML
  Rendering /Users/edfd3212/.rvm/gems/ruby-2.4.0/gems/devise-4.2.0/app/views/devise/sessions/new.html.erb within layouts/application
  Rendered /Users/edfd3212/.rvm/gems/ruby-2.4.0/gems/devise-4.2.0/app/views/devise/shared/_links.html.erb (2.6ms)
  Rendered /Users/edfd3212/.rvm/gems/ruby-2.4.0/gems/devise-4.2.0/app/views/devise/sessions/new.html.erb within layouts/application (16.2ms)
Completed 200 OK in 160ms (Views: 157.9ms | ActiveRecord: 0.0ms)


Started GET "/users/sign_in" for 127.0.0.1 at 2017-02-09 14:34:16 -0800
Processing by Devise::SessionsController#new as HTML
  Rendering /Users/edfd3212/.rvm/gems/ruby-2.4.0/gems/devise-4.2.0/app/views/devise/sessions/new.html.erb within layouts/application
  Rendered /Users/edfd3212/.rvm/gems/ruby-2.4.0/gems/devise-4.2.0/app/views/devise/shared/_links.html.erb (5.0ms)
  Rendered /Users/edfd3212/.rvm/gems/ruby-2.4.0/gems/devise-4.2.0/app/views/devise/sessions/new.html.erb within layouts/application (37.1ms)
Completed 200 OK in 276ms (Views: 254.0ms | ActiveRecord: 0.0ms)


Started GET "/posts/new" for 127.0.0.1 at 2017-02-09 14:34:22 -0800
Processing by PostsController#new as HTML
  Rendering posts/new.html.erb within layouts/application
  Rendered posts/new.html.erb within layouts/application (0.7ms)
Completed 200 OK in 133ms (Views: 130.1ms | ActiveRecord: 0.0ms)


Started GET "/users/sign_in" for 127.0.0.1 at 2017-02-09 14:34:23 -0800
Processing by Devise::SessionsController#new as HTML
  Rendering /Users/edfd3212/.rvm/gems/ruby-2.4.0/gems/devise-4.2.0/app/views/devise/sessions/new.html.erb within layouts/application
  Rendered /Users/edfd3212/.rvm/gems/ruby-2.4.0/gems/devise-4.2.0/app/views/devise/shared/_links.html.erb (2.5ms)
  Rendered /Users/edfd3212/.rvm/gems/ruby-2.4.0/gems/devise-4.2.0/app/views/devise/sessions/new.html.erb within layouts/application (13.8ms)
Completed 200 OK in 108ms (Views: 106.8ms | ActiveRecord: 0.0ms)


Started GET "/users/sign_up" for 127.0.0.1 at 2017-02-09 14:34:24 -0800
Processing by Devise::RegistrationsController#new as HTML
  Rendering /Users/edfd3212/.rvm/gems/ruby-2.4.0/gems/devise-4.2.0/app/views/devise/registrations/new.html.erb within layouts/application
  Rendered /Users/edfd3212/.rvm/gems/ruby-2.4.0/gems/devise-4.2.0/app/views/devise/shared/_links.html.erb (2.3ms)
  Rendered /Users/edfd3212/.rvm/gems/ruby-2.4.0/gems/devise-4.2.0/app/views/devise/registrations/new.html.erb within layouts/application (21.7ms)
Completed 200 OK in 122ms (Views: 120.1ms | ActiveRecord: 0.0ms)


Started GET "/users/sign_in" for 127.0.0.1 at 2017-02-09 14:34:25 -0800
Processing by Devise::SessionsController#new as HTML
  Rendering /Users/edfd3212/.rvm/gems/ruby-2.4.0/gems/devise-4.2.0/app/views/devise/sessions/new.html.erb within layouts/application
  Rendered /Users/edfd3212/.rvm/gems/ruby-2.4.0/gems/devise-4.2.0/app/views/devise/shared/_links.html.erb (1.6ms)
  Rendered /Users/edfd3212/.rvm/gems/ruby-2.4.0/gems/devise-4.2.0/app/views/devise/sessions/new.html.erb within layouts/application (13.1ms)
Completed 200 OK in 140ms (Views: 137.9ms | ActiveRecord: 0.0ms)


Started GET "/posts/new" for 127.0.0.1 at 2017-02-09 14:34:25 -0800
Processing by PostsController#new as HTML
  Rendering posts/new.html.erb within layouts/application
  Rendered posts/new.html.erb within layouts/application (0.6ms)
Completed 200 OK in 106ms (Views: 102.3ms | ActiveRecord: 0.0ms)


Started GET "/" for 127.0.0.1 at 2017-02-09 14:34:26 -0800
Processing by PostsController#index as HTML
  Rendering posts/index.html.erb within layouts/application
  Rendered posts/index.html.erb within layouts/application (0.4ms)
Completed 200 OK in 91ms (Views: 87.7ms | ActiveRecord: 0.0ms)


Started GET "/" for 127.0.0.1 at 2017-02-09 14:35:41 -0800
  [1m[36mActiveRecord::SchemaMigration Load (0.6ms)[0m  [1m[34mSELECT "schema_migrations".* FROM "schema_migrations"[0m
Processing by PostsController#index as HTML
  Rendering posts/index.html.erb within layouts/application
  Rendered posts/index.html.erb within layouts/application (2.1ms)
Completed 200 OK in 537ms (Views: 519.9ms | ActiveRecord: 0.0ms)


Started GET "/posts/new" for 127.0.0.1 at 2017-02-09 14:35:43 -0800
Processing by PostsController#new as HTML
  Rendering posts/new.html.erb within layouts/application
  Rendered posts/new.html.erb within layouts/application (0.6ms)
Completed 200 OK in 83ms (Views: 80.0ms | ActiveRecord: 0.0ms)


Started GET "/users/sign_in" for 127.0.0.1 at 2017-02-09 14:35:44 -0800
Processing by Devise::SessionsController#new as HTML
  Rendering /Users/edfd3212/.rvm/gems/ruby-2.4.0/gems/devise-4.2.0/app/views/devise/sessions/new.html.erb within layouts/application
  Rendered /Users/edfd3212/.rvm/gems/ruby-2.4.0/gems/devise-4.2.0/app/views/devise/shared/_links.html.erb (1.2ms)
  Rendered /Users/edfd3212/.rvm/gems/ruby-2.4.0/gems/devise-4.2.0/app/views/devise/sessions/new.html.erb within layouts/application (37.2ms)
Completed 200 OK in 130ms (Views: 104.5ms | ActiveRecord: 1.2ms)


Started GET "/posts/new" for 127.0.0.1 at 2017-02-09 16:10:48 -0800
Processing by PostsController#new as HTML
  Rendering posts/new.html.erb within layouts/application
  Rendered posts/new.html.erb within layouts/application (9.6ms)
Completed 200 OK in 317ms (Views: 294.6ms | ActiveRecord: 0.0ms)


Started GET "/" for 127.0.0.1 at 2017-02-09 16:10:49 -0800
Processing by PostsController#index as HTML
  Rendering posts/index.html.erb within layouts/application
  Rendered posts/index.html.erb within layouts/application (0.7ms)
Completed 200 OK in 115ms (Views: 108.9ms | ActiveRecord: 0.0ms)


Started GET "/posts/new" for 127.0.0.1 at 2017-02-09 16:10:51 -0800
Processing by PostsController#new as HTML
  Rendering posts/new.html.erb within layouts/application
  Rendered posts/new.html.erb within layouts/application (0.8ms)
Completed 200 OK in 169ms (Views: 166.2ms | ActiveRecord: 0.0ms)


Started GET "/users/sign_in" for 127.0.0.1 at 2017-02-09 16:10:51 -0800
Processing by Devise::SessionsController#new as HTML
  Rendering /Users/edfd3212/.rvm/gems/ruby-2.4.0/gems/devise-4.2.0/app/views/devise/sessions/new.html.erb within layouts/application
  Rendered /Users/edfd3212/.rvm/gems/ruby-2.4.0/gems/devise-4.2.0/app/views/devise/shared/_links.html.erb (1.8ms)
  Rendered /Users/edfd3212/.rvm/gems/ruby-2.4.0/gems/devise-4.2.0/app/views/devise/sessions/new.html.erb within layouts/application (17.2ms)
Completed 200 OK in 133ms (Views: 128.7ms | ActiveRecord: 0.0ms)


Started GET "/users/sign_up" for 127.0.0.1 at 2017-02-09 16:10:52 -0800
Processing by Devise::RegistrationsController#new as HTML
  Rendering /Users/edfd3212/.rvm/gems/ruby-2.4.0/gems/devise-4.2.0/app/views/devise/registrations/new.html.erb within layouts/application
  Rendered /Users/edfd3212/.rvm/gems/ruby-2.4.0/gems/devise-4.2.0/app/views/devise/shared/_links.html.erb (1.1ms)
  Rendered /Users/edfd3212/.rvm/gems/ruby-2.4.0/gems/devise-4.2.0/app/views/devise/registrations/new.html.erb within layouts/application (7.6ms)
Completed 200 OK in 93ms (Views: 91.0ms | ActiveRecord: 0.0ms)


Started GET "/" for 127.0.0.1 at 2017-02-09 16:10:53 -0800
Processing by PostsController#index as HTML
  Rendering posts/index.html.erb within layouts/application
  Rendered posts/index.html.erb within layouts/application (0.6ms)
Completed 200 OK in 107ms (Views: 103.0ms | ActiveRecord: 0.0ms)


Started GET "/" for 127.0.0.1 at 2017-02-09 16:15:42 -0800
  [1m[36mActiveRecord::SchemaMigration Load (0.5ms)[0m  [1m[34mSELECT "schema_migrations".* FROM "schema_migrations"[0m
Processing by PostsController#index as HTML
  Rendering posts/index.html.erb within layouts/application
  Rendered posts/index.html.erb within layouts/application (2.9ms)
Completed 200 OK in 494ms (Views: 478.9ms | ActiveRecord: 0.0ms)


Started GET "/posts/new" for 127.0.0.1 at 2017-02-09 16:15:46 -0800
Processing by PostsController#new as HTML
  Rendering posts/new.html.erb within layouts/application
  Rendered posts/new.html.erb within layouts/application (0.6ms)
Completed 200 OK in 68ms (Views: 65.4ms | ActiveRecord: 0.0ms)


Started GET "/users/sign_in" for 127.0.0.1 at 2017-02-09 16:15:46 -0800
Processing by Devise::SessionsController#new as HTML
  Rendering /Users/edfd3212/.rvm/gems/ruby-2.4.0/gems/devise-4.2.0/app/views/devise/sessions/new.html.erb within layouts/application
  Rendered /Users/edfd3212/.rvm/gems/ruby-2.4.0/gems/devise-4.2.0/app/views/devise/shared/_links.html.erb (1.3ms)
  Rendered /Users/edfd3212/.rvm/gems/ruby-2.4.0/gems/devise-4.2.0/app/views/devise/sessions/new.html.erb within layouts/application (36.2ms)
Completed 200 OK in 135ms (Views: 106.1ms | ActiveRecord: 1.8ms)


Started GET "/users/sign_up" for 127.0.0.1 at 2017-02-09 16:15:48 -0800
Processing by Devise::RegistrationsController#new as HTML
  Rendering /Users/edfd3212/.rvm/gems/ruby-2.4.0/gems/devise-4.2.0/app/views/devise/registrations/new.html.erb within layouts/application
  Rendered /Users/edfd3212/.rvm/gems/ruby-2.4.0/gems/devise-4.2.0/app/views/devise/shared/_links.html.erb (1.9ms)
  Rendered /Users/edfd3212/.rvm/gems/ruby-2.4.0/gems/devise-4.2.0/app/views/devise/registrations/new.html.erb within layouts/application (15.2ms)
Completed 200 OK in 106ms (Views: 104.2ms | ActiveRecord: 0.0ms)


Started GET "/users/sign_in" for 127.0.0.1 at 2017-02-09 16:15:49 -0800
Processing by Devise::SessionsController#new as HTML
  Rendering /Users/edfd3212/.rvm/gems/ruby-2.4.0/gems/devise-4.2.0/app/views/devise/sessions/new.html.erb within layouts/application
  Rendered /Users/edfd3212/.rvm/gems/ruby-2.4.0/gems/devise-4.2.0/app/views/devise/shared/_links.html.erb (1.9ms)
  Rendered /Users/edfd3212/.rvm/gems/ruby-2.4.0/gems/devise-4.2.0/app/views/devise/sessions/new.html.erb within layouts/application (14.4ms)
Completed 200 OK in 100ms (Views: 97.9ms | ActiveRecord: 0.0ms)


Started GET "/users/sign_up" for 127.0.0.1 at 2017-02-09 16:15:50 -0800
Processing by Devise::RegistrationsController#new as HTML
  Rendering /Users/edfd3212/.rvm/gems/ruby-2.4.0/gems/devise-4.2.0/app/views/devise/registrations/new.html.erb within layouts/application
  Rendered /Users/edfd3212/.rvm/gems/ruby-2.4.0/gems/devise-4.2.0/app/views/devise/shared/_links.html.erb (2.5ms)
  Rendered /Users/edfd3212/.rvm/gems/ruby-2.4.0/gems/devise-4.2.0/app/views/devise/registrations/new.html.erb within layouts/application (24.8ms)
Completed 200 OK in 108ms (Views: 106.3ms | ActiveRecord: 0.0ms)


Started GET "/users/sign_in" for 127.0.0.1 at 2017-02-09 16:15:50 -0800
Processing by Devise::SessionsController#new as HTML
  Rendering /Users/edfd3212/.rvm/gems/ruby-2.4.0/gems/devise-4.2.0/app/views/devise/sessions/new.html.erb within layouts/application
  Rendered /Users/edfd3212/.rvm/gems/ruby-2.4.0/gems/devise-4.2.0/app/views/devise/shared/_links.html.erb (5.0ms)
  Rendered /Users/edfd3212/.rvm/gems/ruby-2.4.0/gems/devise-4.2.0/app/views/devise/sessions/new.html.erb within layouts/application (15.4ms)
Completed 200 OK in 101ms (Views: 99.7ms | ActiveRecord: 0.0ms)


Started GET "/posts/new" for 127.0.0.1 at 2017-02-09 16:16:15 -0800
Processing by PostsController#new as HTML
  Rendering posts/new.html.erb within layouts/application
  Rendered posts/new.html.erb within layouts/application (0.7ms)
Completed 200 OK in 101ms (Views: 97.3ms | ActiveRecord: 0.0ms)


Started GET "/" for 127.0.0.1 at 2017-02-09 16:16:16 -0800
Processing by PostsController#index as HTML
  Rendering posts/index.html.erb within layouts/application
  Rendered posts/index.html.erb within layouts/application (1.2ms)
Completed 200 OK in 104ms (Views: 99.5ms | ActiveRecord: 0.0ms)


Started GET "/posts/new" for 127.0.0.1 at 2017-02-09 16:16:16 -0800
Processing by PostsController#new as HTML
  Rendering posts/new.html.erb within layouts/application
  Rendered posts/new.html.erb within layouts/application (0.6ms)
Completed 200 OK in 102ms (Views: 98.0ms | ActiveRecord: 0.0ms)


Started GET "/users/sign_in" for 127.0.0.1 at 2017-02-09 16:16:17 -0800
Processing by Devise::SessionsController#new as HTML
  Rendering /Users/edfd3212/.rvm/gems/ruby-2.4.0/gems/devise-4.2.0/app/views/devise/sessions/new.html.erb within layouts/application
  Rendered /Users/edfd3212/.rvm/gems/ruby-2.4.0/gems/devise-4.2.0/app/views/devise/shared/_links.html.erb (3.0ms)
  Rendered /Users/edfd3212/.rvm/gems/ruby-2.4.0/gems/devise-4.2.0/app/views/devise/sessions/new.html.erb within layouts/application (22.2ms)
Completed 200 OK in 190ms (Views: 188.2ms | ActiveRecord: 0.0ms)


Started GET "/users/sign_up" for 127.0.0.1 at 2017-02-09 16:16:17 -0800
Processing by Devise::RegistrationsController#new as HTML
  Rendering /Users/edfd3212/.rvm/gems/ruby-2.4.0/gems/devise-4.2.0/app/views/devise/registrations/new.html.erb within layouts/application
  Rendered /Users/edfd3212/.rvm/gems/ruby-2.4.0/gems/devise-4.2.0/app/views/devise/shared/_links.html.erb (1.3ms)
  Rendered /Users/edfd3212/.rvm/gems/ruby-2.4.0/gems/devise-4.2.0/app/views/devise/registrations/new.html.erb within layouts/application (14.1ms)
Completed 200 OK in 113ms (Views: 111.8ms | ActiveRecord: 0.0ms)


Started GET "/users/sign_up" for 127.0.0.1 at 2017-02-09 16:18:03 -0800
Processing by Devise::RegistrationsController#new as HTML
  Rendering /Users/edfd3212/.rvm/gems/ruby-2.4.0/gems/devise-4.2.0/app/views/devise/registrations/new.html.erb within layouts/application
  Rendered /Users/edfd3212/.rvm/gems/ruby-2.4.0/gems/devise-4.2.0/app/views/devise/shared/_links.html.erb (2.1ms)
  Rendered /Users/edfd3212/.rvm/gems/ruby-2.4.0/gems/devise-4.2.0/app/views/devise/registrations/new.html.erb within layouts/application (17.7ms)
Completed 200 OK in 209ms (Views: 132.4ms | ActiveRecord: 1.8ms)


Started GET "/users/sign_up" for 127.0.0.1 at 2017-02-09 16:18:07 -0800
Processing by Devise::RegistrationsController#new as HTML
  Rendering /Users/edfd3212/.rvm/gems/ruby-2.4.0/gems/devise-4.2.0/app/views/devise/registrations/new.html.erb within layouts/application
  Rendered /Users/edfd3212/.rvm/gems/ruby-2.4.0/gems/devise-4.2.0/app/views/devise/shared/_links.html.erb (1.0ms)
  Rendered /Users/edfd3212/.rvm/gems/ruby-2.4.0/gems/devise-4.2.0/app/views/devise/registrations/new.html.erb within layouts/application (6.5ms)
Completed 200 OK in 77ms (Views: 75.7ms | ActiveRecord: 0.0ms)


Started GET "/users/sign_up" for 127.0.0.1 at 2017-02-09 16:18:16 -0800
  
NoMethodError (undefined method `application' for Instagram:Module):
  
config/routes.rb:1:in `<top (required)>'
  Rendering /Users/edfd3212/.rvm/gems/ruby-2.4.0@global/gems/actionpack-5.0.1/lib/action_dispatch/middleware/templates/rescues/diagnostics.html.erb within rescues/layout
  Rendering /Users/edfd3212/.rvm/gems/ruby-2.4.0@global/gems/actionpack-5.0.1/lib/action_dispatch/middleware/templates/rescues/_source.html.erb
  Rendered /Users/edfd3212/.rvm/gems/ruby-2.4.0@global/gems/actionpack-5.0.1/lib/action_dispatch/middleware/templates/rescues/_source.html.erb (5.6ms)
  Rendering /Users/edfd3212/.rvm/gems/ruby-2.4.0@global/gems/actionpack-5.0.1/lib/action_dispatch/middleware/templates/rescues/_trace.html.erb
  Rendered /Users/edfd3212/.rvm/gems/ruby-2.4.0@global/gems/actionpack-5.0.1/lib/action_dispatch/middleware/templates/rescues/_trace.html.erb (2.4ms)
  Rendering /Users/edfd3212/.rvm/gems/ruby-2.4.0@global/gems/actionpack-5.0.1/lib/action_dispatch/middleware/templates/rescues/_request_and_response.html.erb
  Rendered /Users/edfd3212/.rvm/gems/ruby-2.4.0@global/gems/actionpack-5.0.1/lib/action_dispatch/middleware/templates/rescues/_request_and_response.html.erb (1.3ms)
  Rendered /Users/edfd3212/.rvm/gems/ruby-2.4.0@global/gems/actionpack-5.0.1/lib/action_dispatch/middleware/templates/rescues/diagnostics.html.erb within rescues/layout (89.1ms)
Started GET "/users/sign_up" for 127.0.0.1 at 2017-02-09 16:18:41 -0800
Processing by Devise::RegistrationsController#new as HTML
  Rendering /Users/edfd3212/.rvm/gems/ruby-2.4.0/gems/devise-4.2.0/app/views/devise/registrations/new.html.erb within layouts/application
  Rendered /Users/edfd3212/.rvm/gems/ruby-2.4.0/gems/devise-4.2.0/app/views/devise/shared/_links.html.erb (1.1ms)
  Rendered /Users/edfd3212/.rvm/gems/ruby-2.4.0/gems/devise-4.2.0/app/views/devise/registrations/new.html.erb within layouts/application (7.7ms)
Completed 200 OK in 103ms (Views: 91.0ms | ActiveRecord: 0.9ms)


Started GET "/posts/new" for 127.0.0.1 at 2017-02-09 16:18:43 -0800
Processing by PostsController#new as HTML
  Rendering posts/new.html.erb within layouts/application
  Rendered posts/new.html.erb within layouts/application (0.7ms)
Completed 200 OK in 71ms (Views: 66.4ms | ActiveRecord: 0.0ms)


Started GET "/users/sign_in" for 127.0.0.1 at 2017-02-09 16:18:44 -0800
Processing by Devise::SessionsController#new as HTML
  Rendering /Users/edfd3212/.rvm/gems/ruby-2.4.0/gems/devise-4.2.0/app/views/devise/sessions/new.html.erb within layouts/application
  Rendered /Users/edfd3212/.rvm/gems/ruby-2.4.0/gems/devise-4.2.0/app/views/devise/shared/_links.html.erb (1.6ms)
  Rendered /Users/edfd3212/.rvm/gems/ruby-2.4.0/gems/devise-4.2.0/app/views/devise/sessions/new.html.erb within layouts/application (12.9ms)
Completed 200 OK in 109ms (Views: 106.3ms | ActiveRecord: 0.0ms)


Started GET "/users/sign_up" for 127.0.0.1 at 2017-02-09 16:18:45 -0800
Processing by Devise::RegistrationsController#new as HTML
  Rendering /Users/edfd3212/.rvm/gems/ruby-2.4.0/gems/devise-4.2.0/app/views/devise/registrations/new.html.erb within layouts/application
  Rendered /Users/edfd3212/.rvm/gems/ruby-2.4.0/gems/devise-4.2.0/app/views/devise/shared/_links.html.erb (2.1ms)
  Rendered /Users/edfd3212/.rvm/gems/ruby-2.4.0/gems/devise-4.2.0/app/views/devise/registrations/new.html.erb within layouts/application (19.4ms)
Completed 200 OK in 115ms (Views: 112.9ms | ActiveRecord: 0.0ms)


Started GET "/" for 127.0.0.1 at 2017-02-09 16:18:46 -0800
Processing by PostsController#index as HTML
  Rendering posts/index.html.erb within layouts/application
  Rendered posts/index.html.erb within layouts/application (3.8ms)
Completed 200 OK in 163ms (Views: 158.4ms | ActiveRecord: 0.0ms)


Started GET "/" for 127.0.0.1 at 2017-02-09 16:20:37 -0800
  
AbstractController::ActionNotFound (The action 'indexes' could not be found for PostsController):
  
actionpack (5.0.1) lib/abstract_controller/base.rb:121:in `process'
actionview (5.0.1) lib/action_view/rendering.rb:30:in `process'
actionpack (5.0.1) lib/action_controller/metal.rb:190:in `dispatch'
actionpack (5.0.1) lib/action_controller/metal.rb:262:in `dispatch'
actionpack (5.0.1) lib/action_dispatch/routing/route_set.rb:50:in `dispatch'
actionpack (5.0.1) lib/action_dispatch/routing/route_set.rb:32:in `serve'
actionpack (5.0.1) lib/action_dispatch/journey/router.rb:39:in `block in serve'
actionpack (5.0.1) lib/action_dispatch/journey/router.rb:26:in `each'
actionpack (5.0.1) lib/action_dispatch/journey/router.rb:26:in `serve'
actionpack (5.0.1) lib/action_dispatch/routing/route_set.rb:725:in `call'
warden (1.2.7) lib/warden/manager.rb:36:in `block in call'
warden (1.2.7) lib/warden/manager.rb:35:in `catch'
warden (1.2.7) lib/warden/manager.rb:35:in `call'
rack (2.0.1) lib/rack/etag.rb:25:in `call'
rack (2.0.1) lib/rack/conditional_get.rb:25:in `call'
rack (2.0.1) lib/rack/head.rb:12:in `call'
rack (2.0.1) lib/rack/session/abstract/id.rb:222:in `context'
rack (2.0.1) lib/rack/session/abstract/id.rb:216:in `call'
actionpack (5.0.1) lib/action_dispatch/middleware/cookies.rb:613:in `call'
activerecord (5.0.1) lib/active_record/migration.rb:553:in `call'
actionpack (5.0.1) lib/action_dispatch/middleware/callbacks.rb:38:in `block in call'
activesupport (5.0.1) lib/active_support/callbacks.rb:97:in `__run_callbacks__'
activesupport (5.0.1) lib/active_support/callbacks.rb:750:in `_run_call_callbacks'
activesupport (5.0.1) lib/active_support/callbacks.rb:90:in `run_callbacks'
actionpack (5.0.1) lib/action_dispatch/middleware/callbacks.rb:36:in `call'
actionpack (5.0.1) lib/action_dispatch/middleware/executor.rb:12:in `call'
actionpack (5.0.1) lib/action_dispatch/middleware/remote_ip.rb:79:in `call'
actionpack (5.0.1) lib/action_dispatch/middleware/debug_exceptions.rb:49:in `call'
web-console (3.4.0) lib/web_console/middleware.rb:135:in `call_app'
web-console (3.4.0) lib/web_console/middleware.rb:28:in `block in call'
web-console (3.4.0) lib/web_console/middleware.rb:18:in `catch'
web-console (3.4.0) lib/web_console/middleware.rb:18:in `call'
actionpack (5.0.1) lib/action_dispatch/middleware/show_exceptions.rb:31:in `call'
railties (5.0.1) lib/rails/rack/logger.rb:36:in `call_app'
railties (5.0.1) lib/rails/rack/logger.rb:24:in `block in call'
activesupport (5.0.1) lib/active_support/tagged_logging.rb:69:in `block in tagged'
activesupport (5.0.1) lib/active_support/tagged_logging.rb:26:in `tagged'
activesupport (5.0.1) lib/active_support/tagged_logging.rb:69:in `tagged'
railties (5.0.1) lib/rails/rack/logger.rb:24:in `call'
sprockets-rails (3.2.0) lib/sprockets/rails/quiet_assets.rb:13:in `call'
actionpack (5.0.1) lib/action_dispatch/middleware/request_id.rb:24:in `call'
rack (2.0.1) lib/rack/method_override.rb:22:in `call'
rack (2.0.1) lib/rack/runtime.rb:22:in `call'
activesupport (5.0.1) lib/active_support/cache/strategy/local_cache_middleware.rb:28:in `call'
actionpack (5.0.1) lib/action_dispatch/middleware/executor.rb:12:in `call'
actionpack (5.0.1) lib/action_dispatch/middleware/static.rb:136:in `call'
rack (2.0.1) lib/rack/sendfile.rb:111:in `call'
railties (5.0.1) lib/rails/engine.rb:522:in `call'
puma (3.7.0) lib/puma/configuration.rb:226:in `call'
puma (3.7.0) lib/puma/server.rb:578:in `handle_request'
puma (3.7.0) lib/puma/server.rb:415:in `process_client'
puma (3.7.0) lib/puma/server.rb:275:in `block in run'
puma (3.7.0) lib/puma/thread_pool.rb:120:in `block in spawn_thread'
  Rendering /Users/edfd3212/.rvm/gems/ruby-2.4.0@global/gems/actionpack-5.0.1/lib/action_dispatch/middleware/templates/rescues/unknown_action.html.erb within rescues/layout
  Rendered /Users/edfd3212/.rvm/gems/ruby-2.4.0@global/gems/actionpack-5.0.1/lib/action_dispatch/middleware/templates/rescues/unknown_action.html.erb within rescues/layout (1.0ms)
Started GET "/" for 127.0.0.1 at 2017-02-09 16:20:46 -0800
Processing by PostsController#index as HTML
  Rendering posts/index.html.erb within layouts/application
  Rendered posts/index.html.erb within layouts/application (0.6ms)
Completed 200 OK in 124ms (Views: 120.7ms | ActiveRecord: 0.0ms)


Started GET "/" for 127.0.0.1 at 2017-02-09 16:22:56 -0800
Processing by PostsController#index as HTML
  Rendering posts/index.html.erb within layouts/application
  Rendered posts/index.html.erb within layouts/application (4.0ms)
Completed 200 OK in 244ms (Views: 232.2ms | ActiveRecord: 0.0ms)


Started GET "/users/sign_in" for 127.0.0.1 at 2017-02-09 16:23:00 -0800
Processing by Devise::SessionsController#new as HTML
  Rendering /Users/edfd3212/.rvm/gems/ruby-2.4.0/gems/devise-4.2.0/app/views/devise/sessions/new.html.erb within layouts/application
  Rendered /Users/edfd3212/.rvm/gems/ruby-2.4.0/gems/devise-4.2.0/app/views/devise/shared/_links.html.erb (1.7ms)
  Rendered /Users/edfd3212/.rvm/gems/ruby-2.4.0/gems/devise-4.2.0/app/views/devise/sessions/new.html.erb within layouts/application (10.4ms)
Completed 200 OK in 102ms (Views: 77.5ms | ActiveRecord: 3.2ms)


Started GET "/users/sign_up" for 127.0.0.1 at 2017-02-09 16:23:01 -0800
Processing by Devise::RegistrationsController#new as HTML
  Rendering /Users/edfd3212/.rvm/gems/ruby-2.4.0/gems/devise-4.2.0/app/views/devise/registrations/new.html.erb within layouts/application
  Rendered /Users/edfd3212/.rvm/gems/ruby-2.4.0/gems/devise-4.2.0/app/views/devise/shared/_links.html.erb (1.2ms)
  Rendered /Users/edfd3212/.rvm/gems/ruby-2.4.0/gems/devise-4.2.0/app/views/devise/registrations/new.html.erb within layouts/application (8.6ms)
Completed 200 OK in 96ms (Views: 94.2ms | ActiveRecord: 0.0ms)


Started GET "/users/sign_in" for 127.0.0.1 at 2017-02-09 16:23:02 -0800
Processing by Devise::SessionsController#new as HTML
  Rendering /Users/edfd3212/.rvm/gems/ruby-2.4.0/gems/devise-4.2.0/app/views/devise/sessions/new.html.erb within layouts/application
  Rendered /Users/edfd3212/.rvm/gems/ruby-2.4.0/gems/devise-4.2.0/app/views/devise/shared/_links.html.erb (7.7ms)
  Rendered /Users/edfd3212/.rvm/gems/ruby-2.4.0/gems/devise-4.2.0/app/views/devise/sessions/new.html.erb within layouts/application (18.7ms)
Completed 200 OK in 119ms (Views: 116.0ms | ActiveRecord: 0.0ms)


Started GET "/users/sign_up" for 127.0.0.1 at 2017-02-09 16:23:02 -0800
Processing by Devise::RegistrationsController#new as HTML
  Rendering /Users/edfd3212/.rvm/gems/ruby-2.4.0/gems/devise-4.2.0/app/views/devise/registrations/new.html.erb within layouts/application
  Rendered /Users/edfd3212/.rvm/gems/ruby-2.4.0/gems/devise-4.2.0/app/views/devise/shared/_links.html.erb (2.1ms)
  Rendered /Users/edfd3212/.rvm/gems/ruby-2.4.0/gems/devise-4.2.0/app/views/devise/registrations/new.html.erb within layouts/application (10.2ms)
Completed 200 OK in 111ms (Views: 110.1ms | ActiveRecord: 0.0ms)


Started GET "/users/sign_in" for 127.0.0.1 at 2017-02-09 16:23:03 -0800
Processing by Devise::SessionsController#new as HTML
  Rendering /Users/edfd3212/.rvm/gems/ruby-2.4.0/gems/devise-4.2.0/app/views/devise/sessions/new.html.erb within layouts/application
  Rendered /Users/edfd3212/.rvm/gems/ruby-2.4.0/gems/devise-4.2.0/app/views/devise/shared/_links.html.erb (3.2ms)
  Rendered /Users/edfd3212/.rvm/gems/ruby-2.4.0/gems/devise-4.2.0/app/views/devise/sessions/new.html.erb within layouts/application (23.7ms)
Completed 200 OK in 110ms (Views: 108.1ms | ActiveRecord: 0.0ms)


Started GET "/users/sign_in" for 127.0.0.1 at 2017-02-09 16:26:18 -0800
Processing by Devise::SessionsController#new as HTML
  Rendering /Users/edfd3212/.rvm/gems/ruby-2.4.0/gems/devise-4.2.0/app/views/devise/sessions/new.html.erb within layouts/application
  Rendered /Users/edfd3212/.rvm/gems/ruby-2.4.0/gems/devise-4.2.0/app/views/devise/shared/_links.html.erb (1.7ms)
  Rendered /Users/edfd3212/.rvm/gems/ruby-2.4.0/gems/devise-4.2.0/app/views/devise/sessions/new.html.erb within layouts/application (11.5ms)
Completed 200 OK in 144ms (Views: 117.7ms | ActiveRecord: 1.3ms)


Started GET "/users/sign_in" for 127.0.0.1 at 2017-02-09 16:26:23 -0800
Processing by Devise::SessionsController#new as HTML
  Rendering /Users/edfd3212/.rvm/gems/ruby-2.4.0/gems/devise-4.2.0/app/views/devise/sessions/new.html.erb within layouts/application
  Rendered /Users/edfd3212/.rvm/gems/ruby-2.4.0/gems/devise-4.2.0/app/views/devise/shared/_links.html.erb (1.7ms)
  Rendered /Users/edfd3212/.rvm/gems/ruby-2.4.0/gems/devise-4.2.0/app/views/devise/sessions/new.html.erb within layouts/application (8.3ms)
Completed 200 OK in 125ms (Views: 123.5ms | ActiveRecord: 0.0ms)


Started GET "/posts/new" for 127.0.0.1 at 2017-02-09 16:26:24 -0800
Processing by PostsController#new as HTML
  Rendering posts/new.html.erb within layouts/application
  Rendered posts/new.html.erb within layouts/application (28.3ms)
Completed 200 OK in 140ms (Views: 106.9ms | ActiveRecord: 1.1ms)


Started GET "/" for 127.0.0.1 at 2017-02-09 16:26:35 -0800
Processing by PostsController#index as HTML
  Rendering posts/index.html.erb within layouts/application
  Rendered posts/index.html.erb within layouts/application (0.7ms)
Completed 200 OK in 66ms (Views: 63.8ms | ActiveRecord: 0.0ms)


Started GET "/posts/new" for 127.0.0.1 at 2017-02-09 16:26:37 -0800
Processing by PostsController#new as HTML
  Rendering posts/new.html.erb within layouts/application
  Rendered posts/new.html.erb within layouts/application (2.6ms)
Completed 200 OK in 74ms (Views: 70.8ms | ActiveRecord: 0.0ms)


Started GET "/users/sign_in" for 127.0.0.1 at 2017-02-09 16:26:38 -0800
Processing by Devise::SessionsController#new as HTML
  Rendering /Users/edfd3212/.rvm/gems/ruby-2.4.0/gems/devise-4.2.0/app/views/devise/sessions/new.html.erb within layouts/application
  Rendered /Users/edfd3212/.rvm/gems/ruby-2.4.0/gems/devise-4.2.0/app/views/devise/shared/_links.html.erb (1.7ms)
  Rendered /Users/edfd3212/.rvm/gems/ruby-2.4.0/gems/devise-4.2.0/app/views/devise/sessions/new.html.erb within layouts/application (13.6ms)
Completed 200 OK in 87ms (Views: 85.3ms | ActiveRecord: 0.0ms)


Started GET "/users/sign_up" for 127.0.0.1 at 2017-02-09 16:26:38 -0800
Processing by Devise::RegistrationsController#new as HTML
  Rendering /Users/edfd3212/.rvm/gems/ruby-2.4.0/gems/devise-4.2.0/app/views/devise/registrations/new.html.erb within layouts/application
  Rendered /Users/edfd3212/.rvm/gems/ruby-2.4.0/gems/devise-4.2.0/app/views/devise/shared/_links.html.erb (1.3ms)
  Rendered /Users/edfd3212/.rvm/gems/ruby-2.4.0/gems/devise-4.2.0/app/views/devise/registrations/new.html.erb within layouts/application (8.6ms)
Completed 200 OK in 81ms (Views: 79.4ms | ActiveRecord: 0.0ms)


Started GET "/posts/new" for 127.0.0.1 at 2017-02-09 16:26:39 -0800
Processing by PostsController#new as HTML
  Rendering posts/new.html.erb within layouts/application
  Rendered posts/new.html.erb within layouts/application (4.3ms)
Completed 200 OK in 88ms (Views: 85.3ms | ActiveRecord: 0.0ms)


Started GET "/" for 127.0.0.1 at 2017-02-09 16:26:39 -0800
Processing by PostsController#index as HTML
  Rendering posts/index.html.erb within layouts/application
  Rendered posts/index.html.erb within layouts/application (0.7ms)
Completed 200 OK in 95ms (Views: 91.4ms | ActiveRecord: 0.0ms)


Started GET "/posts/new" for 127.0.0.1 at 2017-02-09 16:26:40 -0800
Processing by PostsController#new as HTML
  Rendering posts/new.html.erb within layouts/application
  Rendered posts/new.html.erb within layouts/application (3.0ms)
Completed 200 OK in 97ms (Views: 93.3ms | ActiveRecord: 0.0ms)


Started GET "/users/sign_in" for 127.0.0.1 at 2017-02-09 16:26:41 -0800
Processing by Devise::SessionsController#new as HTML
  Rendering /Users/edfd3212/.rvm/gems/ruby-2.4.0/gems/devise-4.2.0/app/views/devise/sessions/new.html.erb within layouts/application
  Rendered /Users/edfd3212/.rvm/gems/ruby-2.4.0/gems/devise-4.2.0/app/views/devise/shared/_links.html.erb (5.8ms)
  Rendered /Users/edfd3212/.rvm/gems/ruby-2.4.0/gems/devise-4.2.0/app/views/devise/sessions/new.html.erb within layouts/application (21.6ms)
Completed 200 OK in 111ms (Views: 108.5ms | ActiveRecord: 0.0ms)


Started GET "/users/sign_up" for 127.0.0.1 at 2017-02-09 16:26:41 -0800
Processing by Devise::RegistrationsController#new as HTML
  Rendering /Users/edfd3212/.rvm/gems/ruby-2.4.0/gems/devise-4.2.0/app/views/devise/registrations/new.html.erb within layouts/application
  Rendered /Users/edfd3212/.rvm/gems/ruby-2.4.0/gems/devise-4.2.0/app/views/devise/shared/_links.html.erb (13.3ms)
  Rendered /Users/edfd3212/.rvm/gems/ruby-2.4.0/gems/devise-4.2.0/app/views/devise/registrations/new.html.erb within layouts/application (23.0ms)
Completed 200 OK in 97ms (Views: 95.5ms | ActiveRecord: 0.0ms)


Started GET "/" for 127.0.0.1 at 2017-02-09 16:31:48 -0800
Processing by PostsController#index as HTML
  Rendering posts/index.html.erb within layouts/application
  Rendered posts/index.html.erb within layouts/application (11.0ms)
Completed 200 OK in 260ms (Views: 250.3ms | ActiveRecord: 0.0ms)


Started GET "/posts/new" for 127.0.0.1 at 2017-02-09 16:31:50 -0800
Processing by PostsController#new as HTML
  Rendering posts/new.html.erb within layouts/application
  Rendered posts/new.html.erb within layouts/application (8.9ms)
Completed 200 OK in 97ms (Views: 94.2ms | ActiveRecord: 0.0ms)


Started GET "/users/sign_in" for 127.0.0.1 at 2017-02-09 16:31:51 -0800
Processing by Devise::SessionsController#new as HTML
  Rendering /Users/edfd3212/.rvm/gems/ruby-2.4.0/gems/devise-4.2.0/app/views/devise/sessions/new.html.erb within layouts/application
  Rendered /Users/edfd3212/.rvm/gems/ruby-2.4.0/gems/devise-4.2.0/app/views/devise/shared/_links.html.erb (3.9ms)
  Rendered /Users/edfd3212/.rvm/gems/ruby-2.4.0/gems/devise-4.2.0/app/views/devise/sessions/new.html.erb within layouts/application (15.5ms)
Completed 200 OK in 100ms (Views: 97.0ms | ActiveRecord: 0.0ms)


Started GET "/users/sign_up" for 127.0.0.1 at 2017-02-09 16:31:52 -0800
Processing by Devise::RegistrationsController#new as HTML
  Rendering /Users/edfd3212/.rvm/gems/ruby-2.4.0/gems/devise-4.2.0/app/views/devise/registrations/new.html.erb within layouts/application
  Rendered /Users/edfd3212/.rvm/gems/ruby-2.4.0/gems/devise-4.2.0/app/views/devise/shared/_links.html.erb (2.1ms)
  Rendered /Users/edfd3212/.rvm/gems/ruby-2.4.0/gems/devise-4.2.0/app/views/devise/registrations/new.html.erb within layouts/application (19.6ms)
Completed 200 OK in 93ms (Views: 91.4ms | ActiveRecord: 0.0ms)


Started GET "/users/sign_up" for 127.0.0.1 at 2017-02-09 16:35:08 -0800
Processing by Devise::RegistrationsController#new as HTML
  Rendering /Users/edfd3212/.rvm/gems/ruby-2.4.0/gems/devise-4.2.0/app/views/devise/registrations/new.html.erb within layouts/application
  Rendered /Users/edfd3212/.rvm/gems/ruby-2.4.0/gems/devise-4.2.0/app/views/devise/shared/_links.html.erb (4.6ms)
  Rendered /Users/edfd3212/.rvm/gems/ruby-2.4.0/gems/devise-4.2.0/app/views/devise/registrations/new.html.erb within layouts/application (28.3ms)
Completed 200 OK in 407ms (Views: 390.8ms | ActiveRecord: 0.0ms)


Started POST "/users" for 127.0.0.1 at 2017-02-09 16:35:19 -0800
Processing by Devise::RegistrationsController#create as HTML
  Parameters: {"utf8"=>"✓", "authenticity_token"=>"VfEVVUK9J/X3T0bkyH2cxz7HuQAKXNiX7HdSlLq5fmi6eMqpqsSlb0Decswn1tPZq2KAiWcKClmTxOwYo5pFFg==", "user"=>{"email"=>"edfd3212@aim.com", "password"=>"[FILTERED]", "password_confirmation"=>"[FILTERED]"}, "commit"=>"Sign up"}
  [1m[35m (0.2ms)[0m  [1m[36mbegin transaction[0m
  [1m[36mUser Exists (0.6ms)[0m  [1m[34mSELECT  1 AS one FROM "users" WHERE "users"."email" = ? LIMIT ?[0m  [["email", "edfd3212@aim.com"], ["LIMIT", 1]]
  [1m[35mSQL (1.9ms)[0m  [1m[32mINSERT INTO "users" ("email", "encrypted_password", "created_at", "updated_at") VALUES (?, ?, ?, ?)[0m  [["email", "edfd3212@aim.com"], ["encrypted_password", "$2a$11$hpRskoNLW.WDnxwOwMakluQuO6EESJ3GjD0tp1IRY4vScCABK7uZ6"], ["created_at", 2017-02-10 00:35:19 UTC], ["updated_at", 2017-02-10 00:35:19 UTC]]
  [1m[35m (1.2ms)[0m  [1m[36mcommit transaction[0m
  [1m[35m (0.1ms)[0m  [1m[36mbegin transaction[0m
  [1m[35mSQL (0.4ms)[0m  [1m[33mUPDATE "users" SET "sign_in_count" = ?, "current_sign_in_at" = ?, "last_sign_in_at" = ?, "current_sign_in_ip" = ?, "last_sign_in_ip" = ?, "updated_at" = ? WHERE "users"."id" = ?[0m  [["sign_in_count", 1], ["current_sign_in_at", 2017-02-10 00:35:19 UTC], ["last_sign_in_at", 2017-02-10 00:35:19 UTC], ["current_sign_in_ip", "127.0.0.1"], ["last_sign_in_ip", "127.0.0.1"], ["updated_at", 2017-02-10 00:35:19 UTC], ["id", 1]]
  [1m[35m (1.0ms)[0m  [1m[36mcommit transaction[0m
Redirected to http://localhost:3000/
Completed 302 Found in 263ms (ActiveRecord: 5.3ms)


Started GET "/" for 127.0.0.1 at 2017-02-09 16:35:19 -0800
Processing by PostsController#index as HTML
  Rendering posts/index.html.erb within layouts/application
  Rendered posts/index.html.erb within layouts/application (0.5ms)
  [1m[36mUser Load (0.2ms)[0m  [1m[34mSELECT  "users".* FROM "users" WHERE "users"."id" = ? ORDER BY "users"."id" ASC LIMIT ?[0m  [["id", 1], ["LIMIT", 1]]
Completed 200 OK in 73ms (Views: 70.3ms | ActiveRecord: 0.2ms)


Started DELETE "/users/sign_out" for 127.0.0.1 at 2017-02-09 16:35:22 -0800
Processing by Devise::SessionsController#destroy as HTML
  Parameters: {"authenticity_token"=>"/MTGkVMO8wfgi1CozVD9vpEKvjcqPmxbJbLUotdJad8TTRltu3dxnVcaZIAi+7KgBK+HvkdovpVaAWouzmpSoQ=="}
  [1m[36mUser Load (0.3ms)[0m  [1m[34mSELECT  "users".* FROM "users" WHERE "users"."id" = ? ORDER BY "users"."id" ASC LIMIT ?[0m  [["id", 1], ["LIMIT", 1]]
  [1m[35m (0.1ms)[0m  [1m[36mbegin transaction[0m
  [1m[35m (0.1ms)[0m  [1m[36mcommit transaction[0m
Redirected to http://localhost:3000/
Completed 302 Found in 11ms (ActiveRecord: 0.4ms)


Started GET "/" for 127.0.0.1 at 2017-02-09 16:35:22 -0800
Processing by PostsController#index as HTML
  Rendering posts/index.html.erb within layouts/application
  Rendered posts/index.html.erb within layouts/application (0.5ms)
Completed 200 OK in 72ms (Views: 69.3ms | ActiveRecord: 0.0ms)


Started GET "/users/sign_in" for 127.0.0.1 at 2017-02-09 16:35:26 -0800
Processing by Devise::SessionsController#new as HTML
  Rendering /Users/edfd3212/.rvm/gems/ruby-2.4.0/gems/devise-4.2.0/app/views/devise/sessions/new.html.erb within layouts/application
  Rendered /Users/edfd3212/.rvm/gems/ruby-2.4.0/gems/devise-4.2.0/app/views/devise/shared/_links.html.erb (2.3ms)
  Rendered /Users/edfd3212/.rvm/gems/ruby-2.4.0/gems/devise-4.2.0/app/views/devise/sessions/new.html.erb within layouts/application (16.3ms)
Completed 200 OK in 117ms (Views: 115.1ms | ActiveRecord: 0.0ms)


Started POST "/users/sign_in" for 127.0.0.1 at 2017-02-09 16:35:30 -0800
Processing by Devise::SessionsController#create as HTML
  Parameters: {"utf8"=>"✓", "authenticity_token"=>"464dkyQsu4uGI7SeREfthgjqxLMT7KYY1Jr5oEs625P+4MK9DYwSHBZ5hGFgJx5Hq39N15A0YFVjA3jXCOcEQw==", "user"=>{"email"=>"edfd3212@aim.com", "password"=>"[FILTERED]", "remember_me"=>"0"}, "commit"=>"Log in"}
  [1m[36mUser Load (0.3ms)[0m  [1m[34mSELECT  "users".* FROM "users" WHERE "users"."email" = ? ORDER BY "users"."id" ASC LIMIT ?[0m  [["email", "edfd3212@aim.com"], ["LIMIT", 1]]
  [1m[35m (0.1ms)[0m  [1m[36mbegin transaction[0m
  [1m[35mSQL (0.3ms)[0m  [1m[33mUPDATE "users" SET "current_sign_in_at" = ?, "sign_in_count" = ?, "updated_at" = ? WHERE "users"."id" = ?[0m  [["current_sign_in_at", 2017-02-10 00:35:30 UTC], ["sign_in_count", 2], ["updated_at", 2017-02-10 00:35:30 UTC], ["id", 1]]
  [1m[35m (0.8ms)[0m  [1m[36mcommit transaction[0m
Redirected to http://localhost:3000/
Completed 302 Found in 232ms (ActiveRecord: 1.5ms)


Started GET "/" for 127.0.0.1 at 2017-02-09 16:35:31 -0800
Processing by PostsController#index as HTML
  Rendering posts/index.html.erb within layouts/application
  Rendered posts/index.html.erb within layouts/application (0.4ms)
  [1m[36mUser Load (0.3ms)[0m  [1m[34mSELECT  "users".* FROM "users" WHERE "users"."id" = ? ORDER BY "users"."id" ASC LIMIT ?[0m  [["id", 1], ["LIMIT", 1]]
Completed 200 OK in 51ms (Views: 48.6ms | ActiveRecord: 0.3ms)


Started GET "/posts/new" for 127.0.0.1 at 2017-02-09 16:35:34 -0800
Processing by PostsController#new as HTML
  Rendering posts/new.html.erb within layouts/application
  Rendered posts/new.html.erb within layouts/application (8.2ms)
  [1m[36mUser Load (0.2ms)[0m  [1m[34mSELECT  "users".* FROM "users" WHERE "users"."id" = ? ORDER BY "users"."id" ASC LIMIT ?[0m  [["id", 1], ["LIMIT", 1]]
Completed 200 OK in 80ms (Views: 75.6ms | ActiveRecord: 0.2ms)


Started GET "/posts/new" for 127.0.0.1 at 2017-02-09 16:36:14 -0800
Processing by PostsController#new as HTML
  Rendering posts/new.html.erb within layouts/application
  Rendered posts/new.html.erb within layouts/application (20.8ms)
  [1m[36mUser Load (0.9ms)[0m  [1m[34mSELECT  "users".* FROM "users" WHERE "users"."id" = ? ORDER BY "users"."id" ASC LIMIT ?[0m  [["id", 1], ["LIMIT", 1]]
Completed 200 OK in 212ms (Views: 196.1ms | ActiveRecord: 0.9ms)


Started DELETE "/users/sign_out" for 127.0.0.1 at 2017-02-09 16:36:16 -0800
Processing by Devise::SessionsController#destroy as HTML
  Parameters: {"authenticity_token"=>"lWwKIOOmdovQXCT9KbgjwRx0KjsJ7kJ/NRBSPo6py+89Ic1IOCpQbV0/h8Gmf/ihN8kQjm18sfl8bAX49Re5wQ=="}
  [1m[36mUser Load (0.3ms)[0m  [1m[34mSELECT  "users".* FROM "users" WHERE "users"."id" = ? ORDER BY "users"."id" ASC LIMIT ?[0m  [["id", 1], ["LIMIT", 1]]
  [1m[35m (0.2ms)[0m  [1m[36mbegin transaction[0m
  [1m[35m (0.1ms)[0m  [1m[36mcommit transaction[0m
Redirected to http://localhost:3000/
Completed 302 Found in 12ms (ActiveRecord: 0.6ms)


Started GET "/" for 127.0.0.1 at 2017-02-09 16:36:16 -0800
Processing by PostsController#index as HTML
  Rendering posts/index.html.erb within layouts/application
  Rendered posts/index.html.erb within layouts/application (1.0ms)
Completed 200 OK in 169ms (Views: 166.4ms | ActiveRecord: 0.0ms)


Started GET "/users/sign_in" for 127.0.0.1 at 2017-02-09 16:36:38 -0800
Processing by Devise::SessionsController#new as HTML
  Rendering /Users/edfd3212/.rvm/gems/ruby-2.4.0/gems/devise-4.2.0/app/views/devise/sessions/new.html.erb within layouts/application
  Rendered /Users/edfd3212/.rvm/gems/ruby-2.4.0/gems/devise-4.2.0/app/views/devise/shared/_links.html.erb (3.1ms)
  Rendered /Users/edfd3212/.rvm/gems/ruby-2.4.0/gems/devise-4.2.0/app/views/devise/sessions/new.html.erb within layouts/application (11.5ms)
Completed 200 OK in 125ms (Views: 122.8ms | ActiveRecord: 0.0ms)


Started GET "/" for 127.0.0.1 at 2017-02-09 16:36:40 -0800
Processing by PostsController#index as HTML
  Rendering posts/index.html.erb within layouts/application
  Rendered posts/index.html.erb within layouts/application (0.4ms)
Completed 200 OK in 69ms (Views: 63.4ms | ActiveRecord: 0.0ms)


Started GET "/users/sign_in" for 127.0.0.1 at 2017-02-09 16:36:42 -0800
Processing by Devise::SessionsController#new as HTML
  Rendering /Users/edfd3212/.rvm/gems/ruby-2.4.0/gems/devise-4.2.0/app/views/devise/sessions/new.html.erb within layouts/application
  Rendered /Users/edfd3212/.rvm/gems/ruby-2.4.0/gems/devise-4.2.0/app/views/devise/shared/_links.html.erb (3.1ms)
  Rendered /Users/edfd3212/.rvm/gems/ruby-2.4.0/gems/devise-4.2.0/app/views/devise/sessions/new.html.erb within layouts/application (16.1ms)
Completed 200 OK in 101ms (Views: 99.8ms | ActiveRecord: 0.0ms)


Started POST "/users/sign_in" for 127.0.0.1 at 2017-02-09 16:36:46 -0800
Processing by Devise::SessionsController#create as HTML
  Parameters: {"utf8"=>"✓", "authenticity_token"=>"hIRebbuSuwresReIeN46YAhez2hSDvG8Es0LvWV6H8Jfq865376sYHhMaasrvXBnscpwCOgUfeX0+YSXver4xg==", "user"=>{"email"=>"edfd3212@aim.com", "password"=>"[FILTERED]", "remember_me"=>"0"}, "commit"=>"Log in"}
  [1m[36mUser Load (0.3ms)[0m  [1m[34mSELECT  "users".* FROM "users" WHERE "users"."email" = ? ORDER BY "users"."id" ASC LIMIT ?[0m  [["email", "edfd3212@aim.com"], ["LIMIT", 1]]
  [1m[35m (0.1ms)[0m  [1m[36mbegin transaction[0m
  [1m[35mSQL (0.4ms)[0m  [1m[33mUPDATE "users" SET "current_sign_in_at" = ?, "last_sign_in_at" = ?, "sign_in_count" = ?, "updated_at" = ? WHERE "users"."id" = ?[0m  [["current_sign_in_at", 2017-02-10 00:36:46 UTC], ["last_sign_in_at", 2017-02-10 00:35:30 UTC], ["sign_in_count", 3], ["updated_at", 2017-02-10 00:36:46 UTC], ["id", 1]]
  [1m[35m (1.0ms)[0m  [1m[36mcommit transaction[0m
Redirected to http://localhost:3000/
Completed 302 Found in 184ms (ActiveRecord: 1.7ms)


Started GET "/" for 127.0.0.1 at 2017-02-09 16:36:46 -0800
Processing by PostsController#index as HTML
  Rendering posts/index.html.erb within layouts/application
  Rendered posts/index.html.erb within layouts/application (0.7ms)
  [1m[36mUser Load (0.3ms)[0m  [1m[34mSELECT  "users".* FROM "users" WHERE "users"."id" = ? ORDER BY "users"."id" ASC LIMIT ?[0m  [["id", 1], ["LIMIT", 1]]
Completed 200 OK in 66ms (Views: 59.9ms | ActiveRecord: 0.3ms)


Started DELETE "/users/sign_out" for 127.0.0.1 at 2017-02-09 16:36:51 -0800
Processing by Devise::SessionsController#destroy as HTML
  Parameters: {"authenticity_token"=>"Mn9GQRc3wqxG2ljUDsU1qNwi5Rp+y2bUwfuF/ZzZzPRfLWiWhINIBaRUet9aTmjnCIZfUc7NCRvGola6zCiFkw=="}
  [1m[36mUser Load (0.4ms)[0m  [1m[34mSELECT  "users".* FROM "users" WHERE "users"."id" = ? ORDER BY "users"."id" ASC LIMIT ?[0m  [["id", 1], ["LIMIT", 1]]
  [1m[35m (0.1ms)[0m  [1m[36mbegin transaction[0m
  [1m[35m (0.7ms)[0m  [1m[36mcommit transaction[0m
Redirected to http://localhost:3000/
Completed 302 Found in 23ms (ActiveRecord: 1.2ms)


Started GET "/" for 127.0.0.1 at 2017-02-09 16:36:51 -0800
Processing by PostsController#index as HTML
  Rendering posts/index.html.erb within layouts/application
  Rendered posts/index.html.erb within layouts/application (3.5ms)
Completed 200 OK in 67ms (Views: 62.8ms | ActiveRecord: 0.0ms)


Started GET "/" for 127.0.0.1 at 2017-02-09 16:38:00 -0800
Processing by PostsController#index as HTML
  Rendering posts/index.html.erb within layouts/application
  Rendered posts/index.html.erb within layouts/application (0.5ms)
Completed 200 OK in 80ms (Views: 77.7ms | ActiveRecord: 0.0ms)


Started GET "/users/sign_in" for 127.0.0.1 at 2017-02-09 16:38:01 -0800
Processing by Devise::SessionsController#new as HTML
  Rendering /Users/edfd3212/.rvm/gems/ruby-2.4.0/gems/devise-4.2.0/app/views/devise/sessions/new.html.erb within layouts/application
  Rendered /Users/edfd3212/.rvm/gems/ruby-2.4.0/gems/devise-4.2.0/app/views/devise/shared/_links.html.erb (2.4ms)
  Rendered /Users/edfd3212/.rvm/gems/ruby-2.4.0/gems/devise-4.2.0/app/views/devise/sessions/new.html.erb within layouts/application (13.2ms)
Completed 200 OK in 92ms (Views: 90.2ms | ActiveRecord: 0.0ms)


Started POST "/users/sign_in" for 127.0.0.1 at 2017-02-09 16:38:07 -0800
Processing by Devise::SessionsController#create as HTML
  Parameters: {"utf8"=>"✓", "authenticity_token"=>"gGwT1D1hdMqnyd7bnGs7hLMlqWVACWlDRJqOC1ZEomsPZ96ew6gNOI6854+ByjI2lHN3h3IrOZ/AzBZOdZbprA==", "user"=>{"email"=>"edfd3212@aim.com", "password"=>"[FILTERED]", "remember_me"=>"0"}, "commit"=>"Log in"}
  [1m[36mUser Load (0.3ms)[0m  [1m[34mSELECT  "users".* FROM "users" WHERE "users"."email" = ? ORDER BY "users"."id" ASC LIMIT ?[0m  [["email", "edfd3212@aim.com"], ["LIMIT", 1]]
  [1m[35m (0.1ms)[0m  [1m[36mbegin transaction[0m
  [1m[35mSQL (0.3ms)[0m  [1m[33mUPDATE "users" SET "current_sign_in_at" = ?, "last_sign_in_at" = ?, "sign_in_count" = ?, "updated_at" = ? WHERE "users"."id" = ?[0m  [["current_sign_in_at", 2017-02-10 00:38:07 UTC], ["last_sign_in_at", 2017-02-10 00:36:46 UTC], ["sign_in_count", 4], ["updated_at", 2017-02-10 00:38:07 UTC], ["id", 1]]
  [1m[35m (0.8ms)[0m  [1m[36mcommit transaction[0m
Redirected to http://localhost:3000/
Completed 302 Found in 189ms (ActiveRecord: 1.4ms)


Started GET "/" for 127.0.0.1 at 2017-02-09 16:38:07 -0800
Processing by PostsController#index as HTML
  Rendering posts/index.html.erb within layouts/application
  Rendered posts/index.html.erb within layouts/application (0.5ms)
  [1m[36mUser Load (0.3ms)[0m  [1m[34mSELECT  "users".* FROM "users" WHERE "users"."id" = ? ORDER BY "users"."id" ASC LIMIT ?[0m  [["id", 1], ["LIMIT", 1]]
Completed 200 OK in 54ms (Views: 51.7ms | ActiveRecord: 0.3ms)


Started DELETE "/users/sign_out" for 127.0.0.1 at 2017-02-09 16:38:08 -0800
Processing by Devise::SessionsController#destroy as HTML
  Parameters: {"authenticity_token"=>"j+OfUmY5h5lrEBHXI7zSEF7bo1CQFbPXvlAJ/NHtmywqQXsmWyxiKF0VaBxygjz9VxQuXtuPi9py/QGzs7mffA=="}
  [1m[36mUser Load (0.4ms)[0m  [1m[34mSELECT  "users".* FROM "users" WHERE "users"."id" = ? ORDER BY "users"."id" ASC LIMIT ?[0m  [["id", 1], ["LIMIT", 1]]
  [1m[35m (0.2ms)[0m  [1m[36mbegin transaction[0m
  [1m[35m (0.1ms)[0m  [1m[36mcommit transaction[0m
Redirected to http://localhost:3000/
Completed 302 Found in 8ms (ActiveRecord: 0.7ms)


Started GET "/" for 127.0.0.1 at 2017-02-09 16:38:08 -0800
Processing by PostsController#index as HTML
  Rendering posts/index.html.erb within layouts/application
  Rendered posts/index.html.erb within layouts/application (0.5ms)
Completed 200 OK in 66ms (Views: 64.0ms | ActiveRecord: 0.0ms)


  [1m[36mActiveRecord::SchemaMigration Load (0.6ms)[0m  [1m[34mSELECT "schema_migrations".* FROM "schema_migrations"[0m
Migrating to AddAttachmentImageToPosts (20170210003932)
  [1m[35m (0.1ms)[0m  [1m[36mbegin transaction[0m
DEPRECATION WARNING: Directly inheriting from ActiveRecord::Migration is deprecated. Please specify the Rails release the migration was written for:

  class AddAttachmentImageToPosts < ActiveRecord::Migration[4.2] (called from block in execute_migration_in_transaction at /Users/edfd3212/.rvm/gems/ruby-2.4.0@global/gems/activerecord-5.0.1/lib/active_record/migration.rb:1212)
  [1m[35m (0.9ms)[0m  [1m[35mALTER TABLE "posts" ADD "image_file_name" varchar[0m
  [1m[35m (0.1ms)[0m  [1m[35mALTER TABLE "posts" ADD "image_content_type" varchar[0m
  [1m[35m (0.1ms)[0m  [1m[35mALTER TABLE "posts" ADD "image_file_size" integer[0m
  [1m[35m (0.1ms)[0m  [1m[35mALTER TABLE "posts" ADD "image_updated_at" datetime[0m
  [1m[35mSQL (0.3ms)[0m  [1m[32mINSERT INTO "schema_migrations" ("version") VALUES (?)[0m  [["version", "20170210003932"]]
  [1m[35m (1.0ms)[0m  [1m[36mcommit transaction[0m
  [1m[36mActiveRecord::InternalMetadata Load (0.3ms)[0m  [1m[34mSELECT  "ar_internal_metadata".* FROM "ar_internal_metadata" WHERE "ar_internal_metadata"."key" = ? LIMIT ?[0m  [["key", :environment], ["LIMIT", 1]]
  [1m[35m (0.1ms)[0m  [1m[36mbegin transaction[0m
  [1m[35m (0.0ms)[0m  [1m[36mcommit transaction[0m
  [1m[36mActiveRecord::SchemaMigration Load (0.2ms)[0m  [1m[34mSELECT "schema_migrations".* FROM "schema_migrations"[0m
  [1m[35m (0.1ms)[0m  [1m[34m            SELECT sql
            FROM sqlite_master
            WHERE name='index_users_on_reset_password_token' AND type='index'
            UNION ALL
            SELECT sql
            FROM sqlite_temp_master
            WHERE name='index_users_on_reset_password_token' AND type='index'
[0m
  [1m[35m (0.1ms)[0m  [1m[34m            SELECT sql
            FROM sqlite_master
            WHERE name='index_users_on_email' AND type='index'
            UNION ALL
            SELECT sql
            FROM sqlite_temp_master
            WHERE name='index_users_on_email' AND type='index'
[0m
Started GET "/" for 127.0.0.1 at 2017-02-09 16:44:01 -0800
  [1m[36mActiveRecord::SchemaMigration Load (0.6ms)[0m  [1m[34mSELECT "schema_migrations".* FROM "schema_migrations"[0m
Processing by PostsController#index as HTML
  Rendering posts/index.html.erb within layouts/application
  Rendered posts/index.html.erb within layouts/application (2.9ms)
Completed 200 OK in 469ms (Views: 453.2ms | ActiveRecord: 0.0ms)


Started GET "/users/sign_in" for 127.0.0.1 at 2017-02-09 16:44:05 -0800
Processing by Devise::SessionsController#new as HTML
  Rendering /Users/edfd3212/.rvm/gems/ruby-2.4.0/gems/devise-4.2.0/app/views/devise/sessions/new.html.erb within layouts/application
  Rendered /Users/edfd3212/.rvm/gems/ruby-2.4.0/gems/devise-4.2.0/app/views/devise/shared/_links.html.erb (1.1ms)
  Rendered /Users/edfd3212/.rvm/gems/ruby-2.4.0/gems/devise-4.2.0/app/views/devise/sessions/new.html.erb within layouts/application (48.7ms)
Completed 200 OK in 132ms (Views: 114.1ms | ActiveRecord: 1.0ms)


Started POST "/users/sign_in" for 127.0.0.1 at 2017-02-09 16:44:12 -0800
Processing by Devise::SessionsController#create as HTML
  Parameters: {"utf8"=>"✓", "authenticity_token"=>"hnhbLvx7EGRwUCY1NmdJ1Li3mh+e85aU57YG6lbutzBCqJ2Oh/EWL1wEjYTawZdlmrgXzu/ztuYiTMGV+PL9cQ==", "user"=>{"email"=>"edfd3212@aim.com", "password"=>"[FILTERED]", "remember_me"=>"0"}, "commit"=>"Log in"}
  [1m[36mUser Load (1.1ms)[0m  [1m[34mSELECT  "users".* FROM "users" WHERE "users"."email" = ? ORDER BY "users"."id" ASC LIMIT ?[0m  [["email", "edfd3212@aim.com"], ["LIMIT", 1]]
  [1m[35m (0.1ms)[0m  [1m[36mbegin transaction[0m
  [1m[35mSQL (0.5ms)[0m  [1m[33mUPDATE "users" SET "current_sign_in_at" = ?, "last_sign_in_at" = ?, "sign_in_count" = ?, "updated_at" = ? WHERE "users"."id" = ?[0m  [["current_sign_in_at", 2017-02-10 00:44:12 UTC], ["last_sign_in_at", 2017-02-10 00:38:07 UTC], ["sign_in_count", 5], ["updated_at", 2017-02-10 00:44:12 UTC], ["id", 1]]
  [1m[35m (1.1ms)[0m  [1m[36mcommit transaction[0m
Redirected to http://localhost:3000/
Completed 302 Found in 209ms (ActiveRecord: 2.8ms)


Started GET "/" for 127.0.0.1 at 2017-02-09 16:44:12 -0800
Processing by PostsController#index as HTML
  Rendering posts/index.html.erb within layouts/application
  Rendered posts/index.html.erb within layouts/application (0.3ms)
  [1m[36mUser Load (0.2ms)[0m  [1m[34mSELECT  "users".* FROM "users" WHERE "users"."id" = ? ORDER BY "users"."id" ASC LIMIT ?[0m  [["id", 1], ["LIMIT", 1]]
Completed 200 OK in 49ms (Views: 46.9ms | ActiveRecord: 0.2ms)


Started GET "/posts/new" for 127.0.0.1 at 2017-02-09 16:44:13 -0800
Processing by PostsController#new as HTML
Completed 500 Internal Server Error in 65ms (ActiveRecord: 0.4ms)


  
NoMethodError (undefined method `before_avatar_post_process' for #<Class:0x007fbe17ee8d60>
Did you mean?  before_post_process
               before_image_post_process):
  
app/models/post.rb:3:in `<class:Post>'
app/models/post.rb:1:in `<top (required)>'
app/controllers/posts_controller.rb:3:in `new'
  Rendering /Users/edfd3212/.rvm/gems/ruby-2.4.0@global/gems/actionpack-5.0.1/lib/action_dispatch/middleware/templates/rescues/diagnostics.html.erb within rescues/layout
  Rendering /Users/edfd3212/.rvm/gems/ruby-2.4.0@global/gems/actionpack-5.0.1/lib/action_dispatch/middleware/templates/rescues/_source.html.erb
  Rendered /Users/edfd3212/.rvm/gems/ruby-2.4.0@global/gems/actionpack-5.0.1/lib/action_dispatch/middleware/templates/rescues/_source.html.erb (4.6ms)
  Rendering /Users/edfd3212/.rvm/gems/ruby-2.4.0@global/gems/actionpack-5.0.1/lib/action_dispatch/middleware/templates/rescues/_trace.html.erb
  Rendered /Users/edfd3212/.rvm/gems/ruby-2.4.0@global/gems/actionpack-5.0.1/lib/action_dispatch/middleware/templates/rescues/_trace.html.erb (1.8ms)
  Rendering /Users/edfd3212/.rvm/gems/ruby-2.4.0@global/gems/actionpack-5.0.1/lib/action_dispatch/middleware/templates/rescues/_request_and_response.html.erb
  Rendered /Users/edfd3212/.rvm/gems/ruby-2.4.0@global/gems/actionpack-5.0.1/lib/action_dispatch/middleware/templates/rescues/_request_and_response.html.erb (1.2ms)
  Rendered /Users/edfd3212/.rvm/gems/ruby-2.4.0@global/gems/actionpack-5.0.1/lib/action_dispatch/middleware/templates/rescues/diagnostics.html.erb within rescues/layout (78.4ms)
Started GET "/posts/new" for 127.0.0.1 at 2017-02-09 16:44:40 -0800
Processing by PostsController#new as HTML
  Rendering posts/new.html.erb within layouts/application
  Rendered posts/new.html.erb within layouts/application (3.0ms)
Completed 500 Internal Server Error in 44ms (ActiveRecord: 1.9ms)


  
SyntaxError (/Users/edfd3212/Documents/Junior Year/Spring/Software Development/workspace/Instagram/app/views/posts/new.html.erb:3: syntax error, unexpected ':', expecting '}'
m_for @post, html { multipart: true } do |f| @output_buffer.
                              ^
/Users/edfd3212/Documents/Junior Year/Spring/Software Development/workspace/Instagram/app/views/posts/new.html.erb:14: syntax error, unexpected keyword_ensure, expecting end-of-input
          ensure
                ^):
  
app/views/posts/new.html.erb:3: syntax error, unexpected ':', expecting '}'
app/views/posts/new.html.erb:14: syntax error, unexpected keyword_ensure, expecting end-of-input
  Rendering /Users/edfd3212/.rvm/gems/ruby-2.4.0@global/gems/actionpack-5.0.1/lib/action_dispatch/middleware/templates/rescues/diagnostics.html.erb within rescues/layout
  Rendering /Users/edfd3212/.rvm/gems/ruby-2.4.0@global/gems/actionpack-5.0.1/lib/action_dispatch/middleware/templates/rescues/_source.html.erb
  Rendered /Users/edfd3212/.rvm/gems/ruby-2.4.0@global/gems/actionpack-5.0.1/lib/action_dispatch/middleware/templates/rescues/_source.html.erb (8.7ms)
  Rendering /Users/edfd3212/.rvm/gems/ruby-2.4.0@global/gems/actionpack-5.0.1/lib/action_dispatch/middleware/templates/rescues/_trace.html.erb
  Rendered /Users/edfd3212/.rvm/gems/ruby-2.4.0@global/gems/actionpack-5.0.1/lib/action_dispatch/middleware/templates/rescues/_trace.html.erb (3.0ms)
  Rendering /Users/edfd3212/.rvm/gems/ruby-2.4.0@global/gems/actionpack-5.0.1/lib/action_dispatch/middleware/templates/rescues/_request_and_response.html.erb
  Rendered /Users/edfd3212/.rvm/gems/ruby-2.4.0@global/gems/actionpack-5.0.1/lib/action_dispatch/middleware/templates/rescues/_request_and_response.html.erb (1.3ms)
  Rendered /Users/edfd3212/.rvm/gems/ruby-2.4.0@global/gems/actionpack-5.0.1/lib/action_dispatch/middleware/templates/rescues/diagnostics.html.erb within rescues/layout (96.2ms)
Started GET "/posts/new" for 127.0.0.1 at 2017-02-09 16:45:16 -0800
Processing by PostsController#new as HTML
  Rendering posts/new.html.erb within layouts/application
  Rendered posts/new.html.erb within layouts/application (27.4ms)
  [1m[36mUser Load (0.2ms)[0m  [1m[34mSELECT  "users".* FROM "users" WHERE "users"."id" = ? ORDER BY "users"."id" ASC LIMIT ?[0m  [["id", 1], ["LIMIT", 1]]
Completed 200 OK in 213ms (Views: 195.5ms | ActiveRecord: 1.4ms)


Started GET "/posts/new" for 127.0.0.1 at 2017-02-09 16:50:21 -0800
Processing by PostsController#new as HTML
  Rendering posts/new.html.erb within layouts/application
  Rendered posts/new.html.erb within layouts/application (5.8ms)
  [1m[36mUser Load (0.2ms)[0m  [1m[34mSELECT  "users".* FROM "users" WHERE "users"."id" = ? ORDER BY "users"."id" ASC LIMIT ?[0m  [["id", 1], ["LIMIT", 1]]
Completed 200 OK in 165ms (Views: 135.4ms | ActiveRecord: 1.8ms)


Started POST "/posts" for 127.0.0.1 at 2017-02-09 16:50:48 -0800
Processing by PostsController#create as HTML
  Parameters: {"utf8"=>"✓", "authenticity_token"=>"B3xst+Q2WJIP2tPuuGg8A+EjqildDT02coods09rup7+bISliaqSzxSczdAoqaZc+jD3NS5FT4BYJz7Sa7/awA==", "post"=>{"image"=>#<ActionDispatch::Http::UploadedFile:0x007fbe17e6dcc8 @tempfile=#<Tempfile:/var/folders/2c/ds4_3f6x5_xbw2jr9fdkl06h0000gn/T/RackMultipart20170209-70457-1g1t144.jpg>, @original_filename="IMG_0742.jpg", @content_type="image/jpeg", @headers="Content-Disposition: form-data; name=\"post[image]\"; filename=\"IMG_0742.jpg\"\r\nContent-Type: image/jpeg\r\n">, "description"=>""}, "commit"=>"Create Post"}
Command :: file -b --mime '/var/folders/2c/ds4_3f6x5_xbw2jr9fdkl06h0000gn/T/130dd1f2a4db540677c529fe83c58fe420170209-70457-uek8i.jpg'
Command :: identify -format '%wx%h,%[exif:orientation]' '/var/folders/2c/ds4_3f6x5_xbw2jr9fdkl06h0000gn/T/130dd1f2a4db540677c529fe83c58fe420170209-70457-75e8q0.jpg[0]' 2>/dev/null
Completed 500 Internal Server Error in 110ms (ActiveRecord: 0.0ms)


  
Paperclip::Errors::CommandNotFoundError (Could not run the `identify` command. Please install ImageMagick.):
  
app/controllers/posts_controller.rb:13:in `create'
  Rendering /Users/edfd3212/.rvm/gems/ruby-2.4.0@global/gems/actionpack-5.0.1/lib/action_dispatch/middleware/templates/rescues/diagnostics.html.erb within rescues/layout
  Rendering /Users/edfd3212/.rvm/gems/ruby-2.4.0@global/gems/actionpack-5.0.1/lib/action_dispatch/middleware/templates/rescues/_source.html.erb
  Rendered /Users/edfd3212/.rvm/gems/ruby-2.4.0@global/gems/actionpack-5.0.1/lib/action_dispatch/middleware/templates/rescues/_source.html.erb (7.3ms)
  Rendering /Users/edfd3212/.rvm/gems/ruby-2.4.0@global/gems/actionpack-5.0.1/lib/action_dispatch/middleware/templates/rescues/_trace.html.erb
  Rendered /Users/edfd3212/.rvm/gems/ruby-2.4.0@global/gems/actionpack-5.0.1/lib/action_dispatch/middleware/templates/rescues/_trace.html.erb (3.3ms)
  Rendering /Users/edfd3212/.rvm/gems/ruby-2.4.0@global/gems/actionpack-5.0.1/lib/action_dispatch/middleware/templates/rescues/_request_and_response.html.erb
  Rendered /Users/edfd3212/.rvm/gems/ruby-2.4.0@global/gems/actionpack-5.0.1/lib/action_dispatch/middleware/templates/rescues/_request_and_response.html.erb (3.3ms)
  Rendered /Users/edfd3212/.rvm/gems/ruby-2.4.0@global/gems/actionpack-5.0.1/lib/action_dispatch/middleware/templates/rescues/diagnostics.html.erb within rescues/layout (97.1ms)
Started GET "/" for 127.0.0.1 at 2017-02-09 16:53:23 -0800
  [1m[36mActiveRecord::SchemaMigration Load (0.6ms)[0m  [1m[34mSELECT "schema_migrations".* FROM "schema_migrations"[0m
Processing by PostsController#index as HTML
  Rendering posts/index.html.erb within layouts/application
  Rendered posts/index.html.erb within layouts/application (2.0ms)
  [1m[36mUser Load (0.6ms)[0m  [1m[34mSELECT  "users".* FROM "users" WHERE "users"."id" = ? ORDER BY "users"."id" ASC LIMIT ?[0m  [["id", 1], ["LIMIT", 1]]
Completed 200 OK in 488ms (Views: 469.1ms | ActiveRecord: 2.0ms)


Started GET "/posts/new" for 127.0.0.1 at 2017-02-09 16:53:26 -0800
Processing by PostsController#new as HTML
  Rendering posts/new.html.erb within layouts/application
  Rendered posts/new.html.erb within layouts/application (30.4ms)
  [1m[36mUser Load (0.5ms)[0m  [1m[34mSELECT  "users".* FROM "users" WHERE "users"."id" = ? ORDER BY "users"."id" ASC LIMIT ?[0m  [["id", 1], ["LIMIT", 1]]
Completed 200 OK in 159ms (Views: 111.7ms | ActiveRecord: 2.3ms)


Started DELETE "/users/sign_out" for 127.0.0.1 at 2017-02-09 16:53:27 -0800
Processing by Devise::SessionsController#destroy as HTML
  Parameters: {"authenticity_token"=>"zcNlVF0xPxHLQ28aiJcglYsOCC9NZhLvjzKYzoHUPo00041GMK31TNAFcSQYVrrKkB1VMz4uYFmln7uvpQBe0w=="}
  [1m[36mUser Load (0.2ms)[0m  [1m[34mSELECT  "users".* FROM "users" WHERE "users"."id" = ? ORDER BY "users"."id" ASC LIMIT ?[0m  [["id", 1], ["LIMIT", 1]]
  [1m[35m (0.1ms)[0m  [1m[36mbegin transaction[0m
  [1m[35m (0.1ms)[0m  [1m[36mcommit transaction[0m
Redirected to http://localhost:3000/
Completed 302 Found in 8ms (ActiveRecord: 0.3ms)


Started GET "/" for 127.0.0.1 at 2017-02-09 16:53:27 -0800
Processing by PostsController#index as HTML
  Rendering posts/index.html.erb within layouts/application
  Rendered posts/index.html.erb within layouts/application (0.4ms)
Completed 200 OK in 62ms (Views: 59.7ms | ActiveRecord: 0.0ms)


Started GET "/users/sign_in" for 127.0.0.1 at 2017-02-09 16:53:29 -0800
Processing by Devise::SessionsController#new as HTML
  Rendering /Users/edfd3212/.rvm/gems/ruby-2.4.0/gems/devise-4.2.0/app/views/devise/sessions/new.html.erb within layouts/application
  Rendered /Users/edfd3212/.rvm/gems/ruby-2.4.0/gems/devise-4.2.0/app/views/devise/shared/_links.html.erb (1.7ms)
  Rendered /Users/edfd3212/.rvm/gems/ruby-2.4.0/gems/devise-4.2.0/app/views/devise/sessions/new.html.erb within layouts/application (25.2ms)
Completed 200 OK in 90ms (Views: 87.1ms | ActiveRecord: 0.0ms)


Started POST "/users/sign_in" for 127.0.0.1 at 2017-02-09 16:53:33 -0800
Processing by Devise::SessionsController#create as HTML
  Parameters: {"utf8"=>"✓", "authenticity_token"=>"ah9EVP/f37mt39tQmjBBlZL8y9JXdlYJzxN9zqRobja4zihCscp+NcCqzT+gyjclGAbAp79GL2OLPpu7et3EJw==", "user"=>{"email"=>"edfd3212@aim.com", "password"=>"[FILTERED]", "remember_me"=>"0"}, "commit"=>"Log in"}
  [1m[36mUser Load (0.8ms)[0m  [1m[34mSELECT  "users".* FROM "users" WHERE "users"."email" = ? ORDER BY "users"."id" ASC LIMIT ?[0m  [["email", "edfd3212@aim.com"], ["LIMIT", 1]]
  [1m[35m (0.1ms)[0m  [1m[36mbegin transaction[0m
  [1m[35mSQL (0.5ms)[0m  [1m[33mUPDATE "users" SET "current_sign_in_at" = ?, "last_sign_in_at" = ?, "sign_in_count" = ?, "updated_at" = ? WHERE "users"."id" = ?[0m  [["current_sign_in_at", 2017-02-10 00:53:33 UTC], ["last_sign_in_at", 2017-02-10 00:44:12 UTC], ["sign_in_count", 6], ["updated_at", 2017-02-10 00:53:33 UTC], ["id", 1]]
  [1m[35m (1.3ms)[0m  [1m[36mcommit transaction[0m
Redirected to http://localhost:3000/
Completed 302 Found in 266ms (ActiveRecord: 2.8ms)


Started GET "/" for 127.0.0.1 at 2017-02-09 16:53:33 -0800
Processing by PostsController#index as HTML
  Rendering posts/index.html.erb within layouts/application
  Rendered posts/index.html.erb within layouts/application (0.5ms)
  [1m[36mUser Load (0.3ms)[0m  [1m[34mSELECT  "users".* FROM "users" WHERE "users"."id" = ? ORDER BY "users"."id" ASC LIMIT ?[0m  [["id", 1], ["LIMIT", 1]]
Completed 200 OK in 143ms (Views: 139.1ms | ActiveRecord: 0.3ms)


Started GET "/posts/new" for 127.0.0.1 at 2017-02-09 16:53:34 -0800
Processing by PostsController#new as HTML
  Rendering posts/new.html.erb within layouts/application
  Rendered posts/new.html.erb within layouts/application (1.9ms)
  [1m[36mUser Load (0.2ms)[0m  [1m[34mSELECT  "users".* FROM "users" WHERE "users"."id" = ? ORDER BY "users"."id" ASC LIMIT ?[0m  [["id", 1], ["LIMIT", 1]]
Completed 200 OK in 67ms (Views: 61.9ms | ActiveRecord: 0.2ms)


Started POST "/posts" for 127.0.0.1 at 2017-02-09 16:53:41 -0800
Processing by PostsController#create as HTML
  Parameters: {"utf8"=>"✓", "authenticity_token"=>"PmDVLP8dacu76g6ZFD0RhLLDuOz6xa0fLU9e6xojhevebu/Yh/cCIbpOvRSUUWzB2fcRT1swRSniDKlpkRXKmg==", "post"=>{"image"=>#<ActionDispatch::Http::UploadedFile:0x007f9f17879cc8 @tempfile=#<Tempfile:/var/folders/2c/ds4_3f6x5_xbw2jr9fdkl06h0000gn/T/RackMultipart20170209-71787-1cb3928.jpg>, @original_filename="IMG_0742.jpg", @content_type="image/jpeg", @headers="Content-Disposition: form-data; name=\"post[image]\"; filename=\"IMG_0742.jpg\"\r\nContent-Type: image/jpeg\r\n">, "description"=>""}, "commit"=>"Create Post"}
Command :: file -b --mime '/var/folders/2c/ds4_3f6x5_xbw2jr9fdkl06h0000gn/T/130dd1f2a4db540677c529fe83c58fe420170209-71787-1ygkvmb.jpg'
Command :: identify -format '%wx%h,%[exif:orientation]' '/var/folders/2c/ds4_3f6x5_xbw2jr9fdkl06h0000gn/T/130dd1f2a4db540677c529fe83c58fe420170209-71787-158g976.jpg[0]' 2>/dev/null
Command :: identify -format %m '/var/folders/2c/ds4_3f6x5_xbw2jr9fdkl06h0000gn/T/130dd1f2a4db540677c529fe83c58fe420170209-71787-158g976.jpg[0]'
Command :: convert '/var/folders/2c/ds4_3f6x5_xbw2jr9fdkl06h0000gn/T/130dd1f2a4db540677c529fe83c58fe420170209-71787-158g976.jpg[0]' -auto-orient -resize "500x500>" '/var/folders/2c/ds4_3f6x5_xbw2jr9fdkl06h0000gn/T/3488dfb51b9d2b60d15d74313b980d6120170209-71787-th6j1h'
Command :: identify -format '%wx%h,%[exif:orientation]' '/var/folders/2c/ds4_3f6x5_xbw2jr9fdkl06h0000gn/T/130dd1f2a4db540677c529fe83c58fe420170209-71787-158g976.jpg[0]' 2>/dev/null
Command :: identify -format %m '/var/folders/2c/ds4_3f6x5_xbw2jr9fdkl06h0000gn/T/130dd1f2a4db540677c529fe83c58fe420170209-71787-158g976.jpg[0]'
Command :: convert '/var/folders/2c/ds4_3f6x5_xbw2jr9fdkl06h0000gn/T/130dd1f2a4db540677c529fe83c58fe420170209-71787-158g976.jpg[0]' -auto-orient -resize "100x100>" '/var/folders/2c/ds4_3f6x5_xbw2jr9fdkl06h0000gn/T/3488dfb51b9d2b60d15d74313b980d6120170209-71787-1mslbpv'
  [1m[35m (0.6ms)[0m  [1m[36mbegin transaction[0m
Command :: file -b --mime '/var/folders/2c/ds4_3f6x5_xbw2jr9fdkl06h0000gn/T/130dd1f2a4db540677c529fe83c58fe420170209-71787-yl7lrp.jpg'
  [1m[35mSQL (1.4ms)[0m  [1m[32mINSERT INTO "posts" ("description", "created_at", "updated_at", "image_file_name", "image_content_type", "image_file_size", "image_updated_at") VALUES (?, ?, ?, ?, ?, ?, ?)[0m  [["description", ""], ["created_at", 2017-02-10 00:53:45 UTC], ["updated_at", 2017-02-10 00:53:45 UTC], ["image_file_name", "IMG_0742.jpg"], ["image_content_type", "image/jpeg"], ["image_file_size", 3343756], ["image_updated_at", 2017-02-10 00:53:41 UTC]]
  [1m[35m (1.0ms)[0m  [1m[36mcommit transaction[0m
Redirected to http://localhost:3000/posts/1
Completed 302 Found in 4834ms (ActiveRecord: 3.0ms)


Started GET "/posts/1" for 127.0.0.1 at 2017-02-09 16:53:46 -0800
Processing by PostsController#show as HTML
  Parameters: {"id"=>"1"}
  Rendering posts/show.html.erb within layouts/application
  Rendered posts/show.html.erb within layouts/application (1.9ms)
  [1m[36mUser Load (0.8ms)[0m  [1m[34mSELECT  "users".* FROM "users" WHERE "users"."id" = ? ORDER BY "users"."id" ASC LIMIT ?[0m  [["id", 1], ["LIMIT", 1]]
Completed 200 OK in 195ms (Views: 189.2ms | ActiveRecord: 0.8ms)


Started GET "/posts/1" for 127.0.0.1 at 2017-02-09 16:56:35 -0800
Processing by PostsController#show as HTML
  Parameters: {"id"=>"1"}
  [1m[36mPost Load (0.2ms)[0m  [1m[34mSELECT  "posts".* FROM "posts" WHERE "posts"."id" = ? LIMIT ?[0m  [["id", 1], ["LIMIT", 1]]
  Rendering posts/show.html.erb within layouts/application
  Rendered posts/show.html.erb within layouts/application (3.6ms)
  [1m[36mUser Load (0.8ms)[0m  [1m[34mSELECT  "users".* FROM "users" WHERE "users"."id" = ? ORDER BY "users"."id" ASC LIMIT ?[0m  [["id", 1], ["LIMIT", 1]]
Completed 200 OK in 172ms (Views: 135.0ms | ActiveRecord: 2.6ms)


Started GET "/posts/1" for 127.0.0.1 at 2017-02-09 16:57:18 -0800
Processing by PostsController#show as HTML
  Parameters: {"id"=>"1"}
  [1m[36mPost Load (0.8ms)[0m  [1m[34mSELECT  "posts".* FROM "posts" WHERE "posts"."id" = ? LIMIT ?[0m  [["id", 1], ["LIMIT", 1]]
  Rendering posts/show.html.erb within layouts/application
  Rendered posts/show.html.erb within layouts/application (10.1ms)
  [1m[36mUser Load (0.7ms)[0m  [1m[34mSELECT  "users".* FROM "users" WHERE "users"."id" = ? ORDER BY "users"."id" ASC LIMIT ?[0m  [["id", 1], ["LIMIT", 1]]
Completed 200 OK in 183ms (Views: 159.7ms | ActiveRecord: 1.5ms)


Started GET "/posts/1" for 127.0.0.1 at 2017-02-09 17:01:55 -0800
Processing by PostsController#show as HTML
  Parameters: {"id"=>"1"}
  [1m[36mPost Load (0.5ms)[0m  [1m[34mSELECT  "posts".* FROM "posts" WHERE "posts"."id" = ? LIMIT ?[0m  [["id", 1], ["LIMIT", 1]]
  Rendering posts/show.html.erb within layouts/application
  Rendered posts/show.html.erb within layouts/application (2.8ms)
  [1m[36mUser Load (0.5ms)[0m  [1m[34mSELECT  "users".* FROM "users" WHERE "users"."id" = ? ORDER BY "users"."id" ASC LIMIT ?[0m  [["id", 1], ["LIMIT", 1]]
Completed 200 OK in 179ms (Views: 128.2ms | ActiveRecord: 3.2ms)


Started GET "/" for 127.0.0.1 at 2017-02-09 17:02:57 -0800
Processing by PostsController#index as HTML
  Rendering posts/index.html.erb within layouts/application
  Rendered posts/index.html.erb within layouts/application (11.4ms)
Completed 500 Internal Server Error in 37ms (ActiveRecord: 0.0ms)


  
ActionView::Template::Error (undefined method `each' for nil:NilClass):
    1: <% @posts.each do |x| %>
    2:   <div class="white">
    3:     <%= image_tag x.image.url(:medium)%>
    4:     <br>
  
app/views/posts/index.html.erb:1:in `_app_views_posts_index_html_erb__3224644159762946275_70160632068040'
  Rendering /Users/edfd3212/.rvm/gems/ruby-2.4.0@global/gems/actionpack-5.0.1/lib/action_dispatch/middleware/templates/rescues/template_error.html.erb within rescues/layout
  Rendering /Users/edfd3212/.rvm/gems/ruby-2.4.0@global/gems/actionpack-5.0.1/lib/action_dispatch/middleware/templates/rescues/_source.html.erb
  Rendered /Users/edfd3212/.rvm/gems/ruby-2.4.0@global/gems/actionpack-5.0.1/lib/action_dispatch/middleware/templates/rescues/_source.html.erb (6.7ms)
  Rendering /Users/edfd3212/.rvm/gems/ruby-2.4.0@global/gems/actionpack-5.0.1/lib/action_dispatch/middleware/templates/rescues/_trace.html.erb
  Rendered /Users/edfd3212/.rvm/gems/ruby-2.4.0@global/gems/actionpack-5.0.1/lib/action_dispatch/middleware/templates/rescues/_trace.html.erb (3.0ms)
  Rendering /Users/edfd3212/.rvm/gems/ruby-2.4.0@global/gems/actionpack-5.0.1/lib/action_dispatch/middleware/templates/rescues/_request_and_response.html.erb
  Rendered /Users/edfd3212/.rvm/gems/ruby-2.4.0@global/gems/actionpack-5.0.1/lib/action_dispatch/middleware/templates/rescues/_request_and_response.html.erb (0.9ms)
  Rendered /Users/edfd3212/.rvm/gems/ruby-2.4.0@global/gems/actionpack-5.0.1/lib/action_dispatch/middleware/templates/rescues/template_error.html.erb within rescues/layout (90.7ms)
Started GET "/" for 127.0.0.1 at 2017-02-09 17:03:17 -0800
Processing by PostsController#index as HTML
  Rendering posts/index.html.erb within layouts/application
  [1m[36mPost Load (0.4ms)[0m  [1m[34mSELECT "posts".* FROM "posts"[0m
  Rendered posts/index.html.erb within layouts/application (11.5ms)
  [1m[36mUser Load (0.7ms)[0m  [1m[34mSELECT  "users".* FROM "users" WHERE "users"."id" = ? ORDER BY "users"."id" ASC LIMIT ?[0m  [["id", 1], ["LIMIT", 1]]
Completed 200 OK in 116ms (Views: 103.7ms | ActiveRecord: 2.2ms)


Started GET "/posts/new" for 127.0.0.1 at 2017-02-09 17:03:23 -0800
Processing by PostsController#new as HTML
  Rendering posts/new.html.erb within layouts/application
  Rendered posts/new.html.erb within layouts/application (6.5ms)
  [1m[36mUser Load (0.2ms)[0m  [1m[34mSELECT  "users".* FROM "users" WHERE "users"."id" = ? ORDER BY "users"."id" ASC LIMIT ?[0m  [["id", 1], ["LIMIT", 1]]
Completed 200 OK in 100ms (Views: 97.1ms | ActiveRecord: 0.2ms)


Started POST "/posts" for 127.0.0.1 at 2017-02-09 17:03:52 -0800
Processing by PostsController#create as HTML
  Parameters: {"utf8"=>"✓", "authenticity_token"=>"NOzBSInQx3//4VoVMnRUMrHG3ciWspdvJkVB4a4cyQnU4vu88Tqslf5F6ZiyGCl32vJ0azdHf1npBrZjJSqGeA==", "post"=>{"image"=>#<ActionDispatch::Http::UploadedFile:0x007f9f17b5eb50 @tempfile=#<Tempfile:/var/folders/2c/ds4_3f6x5_xbw2jr9fdkl06h0000gn/T/RackMultipart20170209-71787-970egd.jpg>, @original_filename="IMG_0740.jpg", @content_type="image/jpeg", @headers="Content-Disposition: form-data; name=\"post[image]\"; filename=\"IMG_0740.jpg\"\r\nContent-Type: image/jpeg\r\n">, "description"=>"Upload With Description"}, "commit"=>"Create Post"}
Command :: file -b --mime '/var/folders/2c/ds4_3f6x5_xbw2jr9fdkl06h0000gn/T/06c685d6edc20937d524c345ebd60db920170209-71787-ze4pes.jpg'
Command :: identify -format '%wx%h,%[exif:orientation]' '/var/folders/2c/ds4_3f6x5_xbw2jr9fdkl06h0000gn/T/06c685d6edc20937d524c345ebd60db920170209-71787-av7w2d.jpg[0]' 2>/dev/null
Command :: identify -format %m '/var/folders/2c/ds4_3f6x5_xbw2jr9fdkl06h0000gn/T/06c685d6edc20937d524c345ebd60db920170209-71787-av7w2d.jpg[0]'
Command :: convert '/var/folders/2c/ds4_3f6x5_xbw2jr9fdkl06h0000gn/T/06c685d6edc20937d524c345ebd60db920170209-71787-av7w2d.jpg[0]' -auto-orient -resize "500x500>" '/var/folders/2c/ds4_3f6x5_xbw2jr9fdkl06h0000gn/T/6dc2ffda2d9730e84e5d6c24539ef41c20170209-71787-e7aqys'
Command :: identify -format '%wx%h,%[exif:orientation]' '/var/folders/2c/ds4_3f6x5_xbw2jr9fdkl06h0000gn/T/06c685d6edc20937d524c345ebd60db920170209-71787-av7w2d.jpg[0]' 2>/dev/null
Command :: identify -format %m '/var/folders/2c/ds4_3f6x5_xbw2jr9fdkl06h0000gn/T/06c685d6edc20937d524c345ebd60db920170209-71787-av7w2d.jpg[0]'
Command :: convert '/var/folders/2c/ds4_3f6x5_xbw2jr9fdkl06h0000gn/T/06c685d6edc20937d524c345ebd60db920170209-71787-av7w2d.jpg[0]' -auto-orient -resize "100x100>" '/var/folders/2c/ds4_3f6x5_xbw2jr9fdkl06h0000gn/T/6dc2ffda2d9730e84e5d6c24539ef41c20170209-71787-jaf1mv'
  [1m[35m (1.4ms)[0m  [1m[36mbegin transaction[0m
Command :: file -b --mime '/var/folders/2c/ds4_3f6x5_xbw2jr9fdkl06h0000gn/T/06c685d6edc20937d524c345ebd60db920170209-71787-cmcbhm.jpg'
  [1m[35mSQL (0.9ms)[0m  [1m[32mINSERT INTO "posts" ("description", "created_at", "updated_at", "image_file_name", "image_content_type", "image_file_size", "image_updated_at") VALUES (?, ?, ?, ?, ?, ?, ?)[0m  [["description", "Upload With Description"], ["created_at", 2017-02-10 01:03:57 UTC], ["updated_at", 2017-02-10 01:03:57 UTC], ["image_file_name", "IMG_0740.jpg"], ["image_content_type", "image/jpeg"], ["image_file_size", 2720948], ["image_updated_at", 2017-02-10 01:03:52 UTC]]
  [1m[35m (0.9ms)[0m  [1m[36mcommit transaction[0m
Redirected to http://localhost:3000/posts/2
Completed 302 Found in 5091ms (ActiveRecord: 3.2ms)


Started GET "/posts/2" for 127.0.0.1 at 2017-02-09 17:03:57 -0800
Processing by PostsController#show as HTML
  Parameters: {"id"=>"2"}
  [1m[36mPost Load (0.3ms)[0m  [1m[34mSELECT  "posts".* FROM "posts" WHERE "posts"."id" = ? LIMIT ?[0m  [["id", 2], ["LIMIT", 1]]
  Rendering posts/show.html.erb within layouts/application
  Rendered posts/show.html.erb within layouts/application (3.2ms)
  [1m[36mUser Load (0.2ms)[0m  [1m[34mSELECT  "users".* FROM "users" WHERE "users"."id" = ? ORDER BY "users"."id" ASC LIMIT ?[0m  [["id", 1], ["LIMIT", 1]]
Completed 200 OK in 119ms (Views: 112.9ms | ActiveRecord: 0.5ms)


Started GET "/" for 127.0.0.1 at 2017-02-09 17:04:06 -0800
Processing by PostsController#index as HTML
  Rendering posts/index.html.erb within layouts/application
  [1m[36mPost Load (0.3ms)[0m  [1m[34mSELECT "posts".* FROM "posts"[0m
  Rendered posts/index.html.erb within layouts/application (5.3ms)
  [1m[36mUser Load (0.2ms)[0m  [1m[34mSELECT  "users".* FROM "users" WHERE "users"."id" = ? ORDER BY "users"."id" ASC LIMIT ?[0m  [["id", 1], ["LIMIT", 1]]
Completed 200 OK in 133ms (Views: 129.6ms | ActiveRecord: 0.5ms)


Started GET "/" for 127.0.0.1 at 2017-02-09 17:05:22 -0800
Processing by PostsController#index as HTML
  Rendering posts/index.html.erb within layouts/application
  [1m[36mPost Load (1.4ms)[0m  [1m[34mSELECT "posts".* FROM "posts"[0m
  Rendered posts/index.html.erb within layouts/application (18.7ms)
  [1m[36mUser Load (0.5ms)[0m  [1m[34mSELECT  "users".* FROM "users" WHERE "users"."id" = ? ORDER BY "users"."id" ASC LIMIT ?[0m  [["id", 1], ["LIMIT", 1]]
Completed 200 OK in 191ms (Views: 177.5ms | ActiveRecord: 1.9ms)


Started GET "/posts/new" for 127.0.0.1 at 2017-02-09 17:05:24 -0800
Processing by PostsController#new as HTML
  Rendering posts/new.html.erb within layouts/application
  Rendered posts/new.html.erb within layouts/application (8.3ms)
  [1m[36mUser Load (0.2ms)[0m  [1m[34mSELECT  "users".* FROM "users" WHERE "users"."id" = ? ORDER BY "users"."id" ASC LIMIT ?[0m  [["id", 1], ["LIMIT", 1]]
Completed 200 OK in 98ms (Views: 92.3ms | ActiveRecord: 0.2ms)


Started GET "/" for 127.0.0.1 at 2017-02-09 17:05:25 -0800
Processing by PostsController#index as HTML
  Rendering posts/index.html.erb within layouts/application
  [1m[36mPost Load (0.5ms)[0m  [1m[34mSELECT "posts".* FROM "posts"[0m
  Rendered posts/index.html.erb within layouts/application (3.5ms)
  [1m[36mUser Load (0.2ms)[0m  [1m[34mSELECT  "users".* FROM "users" WHERE "users"."id" = ? ORDER BY "users"."id" ASC LIMIT ?[0m  [["id", 1], ["LIMIT", 1]]
Completed 200 OK in 140ms (Views: 135.3ms | ActiveRecord: 0.7ms)


Started GET "/" for 127.0.0.1 at 2017-02-09 17:06:26 -0800
Processing by PostsController#index as HTML
  Rendering posts/index.html.erb within layouts/application
  [1m[36mPost Load (1.0ms)[0m  [1m[34mSELECT "posts".* FROM "posts"[0m
  Rendered posts/index.html.erb within layouts/application (25.4ms)
  [1m[36mUser Load (0.4ms)[0m  [1m[34mSELECT  "users".* FROM "users" WHERE "users"."id" = ? ORDER BY "users"."id" ASC LIMIT ?[0m  [["id", 1], ["LIMIT", 1]]
Completed 200 OK in 195ms (Views: 170.5ms | ActiveRecord: 1.5ms)


Started GET "/" for 127.0.0.1 at 2017-02-09 17:06:38 -0800
Processing by PostsController#index as HTML
  Rendering posts/index.html.erb within layouts/application
  [1m[36mPost Load (0.5ms)[0m  [1m[34mSELECT "posts".* FROM "posts"[0m
  Rendered posts/index.html.erb within layouts/application (3.7ms)
  [1m[36mUser Load (0.3ms)[0m  [1m[34mSELECT  "users".* FROM "users" WHERE "users"."id" = ? ORDER BY "users"."id" ASC LIMIT ?[0m  [["id", 1], ["LIMIT", 1]]
Completed 200 OK in 128ms (Views: 122.4ms | ActiveRecord: 0.7ms)


Started GET "/" for 127.0.0.1 at 2017-02-09 17:06:49 -0800
Processing by PostsController#index as HTML
  Rendering posts/index.html.erb within layouts/application
  [1m[36mPost Load (0.2ms)[0m  [1m[34mSELECT "posts".* FROM "posts"[0m
  Rendered posts/index.html.erb within layouts/application (3.4ms)
  [1m[36mUser Load (0.2ms)[0m  [1m[34mSELECT  "users".* FROM "users" WHERE "users"."id" = ? ORDER BY "users"."id" ASC LIMIT ?[0m  [["id", 1], ["LIMIT", 1]]
Completed 200 OK in 150ms (Views: 147.1ms | ActiveRecord: 0.4ms)


Started DELETE "/users/sign_out" for 127.0.0.1 at 2017-02-09 17:06:54 -0800
Processing by Devise::SessionsController#destroy as HTML
  Parameters: {"authenticity_token"=>"S8NAX1BMaNHp6a5mwAAEUeY8DaaTDPwJP6ZrXwJnMYuKHN14WYj89++ZSu851q4aP49HJfVsOMkpaqJId6CLlg=="}
  [1m[36mUser Load (0.2ms)[0m  [1m[34mSELECT  "users".* FROM "users" WHERE "users"."id" = ? ORDER BY "users"."id" ASC LIMIT ?[0m  [["id", 1], ["LIMIT", 1]]
  [1m[35m (0.1ms)[0m  [1m[36mbegin transaction[0m
  [1m[35m (0.1ms)[0m  [1m[36mcommit transaction[0m
Redirected to http://localhost:3000/
Completed 302 Found in 9ms (ActiveRecord: 0.4ms)


Started GET "/" for 127.0.0.1 at 2017-02-09 17:06:54 -0800
Processing by PostsController#index as HTML
  Rendering posts/index.html.erb within layouts/application
  [1m[36mPost Load (0.1ms)[0m  [1m[34mSELECT "posts".* FROM "posts"[0m
  Rendered posts/index.html.erb within layouts/application (2.1ms)
Completed 200 OK in 58ms (Views: 54.8ms | ActiveRecord: 0.1ms)


Started GET "/" for 127.0.0.1 at 2017-02-09 17:06:57 -0800
Processing by PostsController#index as HTML
  Rendering posts/index.html.erb within layouts/application
  [1m[36mPost Load (0.3ms)[0m  [1m[34mSELECT "posts".* FROM "posts"[0m
  Rendered posts/index.html.erb within layouts/application (3.1ms)
Completed 200 OK in 100ms (Views: 96.1ms | ActiveRecord: 0.3ms)


Started GET "/users/sign_in" for 127.0.0.1 at 2017-02-09 17:07:02 -0800
Processing by Devise::SessionsController#new as HTML
  Rendering /Users/edfd3212/.rvm/gems/ruby-2.4.0/gems/devise-4.2.0/app/views/devise/sessions/new.html.erb within layouts/application
  Rendered /Users/edfd3212/.rvm/gems/ruby-2.4.0/gems/devise-4.2.0/app/views/devise/shared/_links.html.erb (1.4ms)
  Rendered /Users/edfd3212/.rvm/gems/ruby-2.4.0/gems/devise-4.2.0/app/views/devise/sessions/new.html.erb within layouts/application (16.1ms)
Completed 200 OK in 95ms (Views: 93.0ms | ActiveRecord: 0.0ms)


Started GET "/posts/new" for 127.0.0.1 at 2017-02-09 17:07:04 -0800
Processing by PostsController#new as HTML
  Rendering posts/new.html.erb within layouts/application
  Rendered posts/new.html.erb within layouts/application (4.8ms)
Completed 200 OK in 78ms (Views: 75.7ms | ActiveRecord: 0.0ms)


Started GET "/users/sign_in" for 127.0.0.1 at 2017-02-09 17:07:05 -0800
Processing by Devise::SessionsController#new as HTML
  Rendering /Users/edfd3212/.rvm/gems/ruby-2.4.0/gems/devise-4.2.0/app/views/devise/sessions/new.html.erb within layouts/application
  Rendered /Users/edfd3212/.rvm/gems/ruby-2.4.0/gems/devise-4.2.0/app/views/devise/shared/_links.html.erb (3.2ms)
  Rendered /Users/edfd3212/.rvm/gems/ruby-2.4.0/gems/devise-4.2.0/app/views/devise/sessions/new.html.erb within layouts/application (13.4ms)
Completed 200 OK in 103ms (Views: 100.9ms | ActiveRecord: 0.0ms)


Started GET "/users/sign_up" for 127.0.0.1 at 2017-02-09 17:07:06 -0800
Processing by Devise::RegistrationsController#new as HTML
  Rendering /Users/edfd3212/.rvm/gems/ruby-2.4.0/gems/devise-4.2.0/app/views/devise/registrations/new.html.erb within layouts/application
  Rendered /Users/edfd3212/.rvm/gems/ruby-2.4.0/gems/devise-4.2.0/app/views/devise/shared/_links.html.erb (1.1ms)
  Rendered /Users/edfd3212/.rvm/gems/ruby-2.4.0/gems/devise-4.2.0/app/views/devise/registrations/new.html.erb within layouts/application (8.7ms)
Completed 200 OK in 82ms (Views: 79.9ms | ActiveRecord: 0.0ms)


Started GET "/" for 127.0.0.1 at 2017-02-09 17:07:07 -0800
Processing by PostsController#index as HTML
  Rendering posts/index.html.erb within layouts/application
  [1m[36mPost Load (0.3ms)[0m  [1m[34mSELECT "posts".* FROM "posts"[0m
  Rendered posts/index.html.erb within layouts/application (6.1ms)
Completed 200 OK in 87ms (Views: 82.2ms | ActiveRecord: 0.3ms)


Started GET "/" for 127.0.0.1 at 2017-02-09 17:08:46 -0800
Processing by PostsController#index as HTML
  Rendering posts/index.html.erb within layouts/application
  [1m[36mPost Load (1.0ms)[0m  [1m[34mSELECT "posts".* FROM "posts"[0m
  Rendered posts/index.html.erb within layouts/application (117.2ms)
Completed 200 OK in 321ms (Views: 291.3ms | ActiveRecord: 1.0ms)


Started GET "/" for 127.0.0.1 at 2017-02-09 17:08:51 -0800
Processing by PostsController#index as HTML
  Rendering posts/index.html.erb within layouts/application
  [1m[36mPost Load (0.2ms)[0m  [1m[34mSELECT "posts".* FROM "posts"[0m
  Rendered posts/index.html.erb within layouts/application (2.8ms)
Completed 200 OK in 82ms (Views: 79.8ms | ActiveRecord: 0.2ms)


Started GET "/" for 127.0.0.1 at 2017-02-09 17:09:18 -0800
Processing by PostsController#index as HTML
  Rendering posts/index.html.erb within layouts/application
  [1m[36mPost Load (1.1ms)[0m  [1m[34mSELECT "posts".* FROM "posts"[0m
  Rendered posts/index.html.erb within layouts/application (21.3ms)
Completed 200 OK in 257ms (Views: 242.6ms | ActiveRecord: 1.1ms)


